# JRE version: OpenJDK Runtime Environment (8.0_191-b12) (build 1.8.0_191-b12)
# Java VM: OpenJDK 64-Bit Server VM (25.191-b12 mixed mode linux-amd64 compressed oops)
Heap:
 PSYoungGen      total 1867776K, used 540908K [0x0000000715580000, 0x00000007ba680000, 0x00000007c0000000)
  eden space 1079808K, 46% used [0x0000000715580000,0x000000073433e9f0,0x0000000757400000)
  from space 787968K, 4% used [0x0000000757400000,0x000000075967c6b0,0x0000000787580000)
  to   space 760320K, 0% used [0x000000078c000000,0x000000078c000000,0x00000007ba680000)
 ParOldGen       total 5234176K, used 4772546K [0x00000005c0000000, 0x00000006ff780000, 0x0000000715580000)
  object space 5234176K, 91% used [0x00000005c0000000,0x00000006e34b0a70,0x00000006ff780000)
 Metaspace       used 309695K, capacity 324512K, committed 345292K, reserved 1349632K
  class space    used 42115K, capacity 46062K, committed 46080K, reserved 1048576K
GC Heap History (188 events):
Event: 1.663 GC heap before
{Heap before GC invocations=1 (full 0):
 PSYoungGen      total 305664K, used 262144K [0x0000000715580000, 0x000000072aa80000, 0x00000007c0000000)
  eden space 262144K, 100% used [0x0000000715580000,0x0000000725580000,0x0000000725580000)
  from space 43520K, 0% used [0x0000000728000000,0x0000000728000000,0x000000072aa80000)
  to   space 43520K, 0% used [0x0000000725580000,0x0000000725580000,0x0000000728000000)
 ParOldGen       total 699392K, used 0K [0x00000005c0000000, 0x00000005eab00000, 0x0000000715580000)
  object space 699392K, 0% used [0x00000005c0000000,0x00000005c0000000,0x00000005eab00000)
 Metaspace       used 16486K, capacity 16654K, committed 16896K, reserved 1064960K
  class space    used 1912K, capacity 1996K, committed 2048K, reserved 1048576K
Event: 1.736 GC heap after
Heap after GC invocations=1 (full 0):
 PSYoungGen      total 305664K, used 43514K [0x0000000715580000, 0x000000073aa80000, 0x00000007c0000000)
  eden space 262144K, 0% used [0x0000000715580000,0x0000000715580000,0x0000000725580000)
  from space 43520K, 99% used [0x0000000725580000,0x0000000727ffeb10,0x0000000728000000)
  to   space 43520K, 0% used [0x0000000738000000,0x0000000738000000,0x000000073aa80000)
 ParOldGen       total 699392K, used 19014K [0x00000005c0000000, 0x00000005eab00000, 0x0000000715580000)
  object space 699392K, 2% used [0x00000005c0000000,0x00000005c1291bb8,0x00000005eab00000)
 Metaspace       used 16486K, capacity 16654K, committed 16896K, reserved 1064960K
  class space    used 1912K, capacity 1996K, committed 2048K, reserved 1048576K
}
Event: 2.363 GC heap before
{Heap before GC invocations=2 (full 0):
 PSYoungGen      total 305664K, used 180199K [0x0000000715580000, 0x000000073aa80000, 0x00000007c0000000)
  eden space 262144K, 52% used [0x0000000715580000,0x000000071dafb488,0x0000000725580000)
  from space 43520K, 99% used [0x0000000725580000,0x0000000727ffeb10,0x0000000728000000)
  to   space 43520K, 0% used [0x0000000738000000,0x0000000738000000,0x000000073aa80000)
 ParOldGen       total 699392K, used 19014K [0x00000005c0000000, 0x00000005eab00000, 0x0000000715580000)
  object space 699392K, 2% used [0x00000005c0000000,0x00000005c1291bb8,0x00000005eab00000)
 Metaspace       used 20782K, capacity 20946K, committed 21248K, reserved 1069056K
  class space    used 2401K, capacity 2486K, committed 2560K, reserved 1048576K
Event: 2.461 GC heap after
Heap after GC invocations=2 (full 0):
 PSYoungGen      total 567808K, used 43498K [0x0000000715580000, 0x000000073aa80000, 0x00000007c0000000)
  eden space 524288K, 0% used [0x0000000715580000,0x0000000715580000,0x0000000735580000)
  from space 43520K, 99% used [0x0000000738000000,0x000000073aa7ab90,0x000000073aa80000)
  to   space 43520K, 0% used [0x0000000735580000,0x0000000735580000,0x0000000738000000)
 ParOldGen       total 699392K, used 71492K [0x00000005c0000000, 0x00000005eab00000, 0x0000000715580000)
  object space 699392K, 10% used [0x00000005c0000000,0x00000005c45d1360,0x00000005eab00000)
 Metaspace       used 20782K, capacity 20946K, committed 21248K, reserved 1069056K
  class space    used 2401K, capacity 2486K, committed 2560K, reserved 1048576K
}
Event: 2.461 GC heap before
{Heap before GC invocations=3 (full 1):
 PSYoungGen      total 567808K, used 43498K [0x0000000715580000, 0x000000073aa80000, 0x00000007c0000000)
  eden space 524288K, 0% used [0x0000000715580000,0x0000000715580000,0x0000000735580000)
  from space 43520K, 99% used [0x0000000738000000,0x000000073aa7ab90,0x000000073aa80000)
  to   space 43520K, 0% used [0x0000000735580000,0x0000000735580000,0x0000000738000000)
 ParOldGen       total 699392K, used 71492K [0x00000005c0000000, 0x00000005eab00000, 0x0000000715580000)
  object space 699392K, 10% used [0x00000005c0000000,0x00000005c45d1360,0x00000005eab00000)
 Metaspace       used 20782K, capacity 20946K, committed 21248K, reserved 1069056K
  class space    used 2401K, capacity 2486K, committed 2560K, reserved 1048576K
Event: 2.815 GC heap after
Heap after GC invocations=3 (full 1):
 PSYoungGen      total 567808K, used 0K [0x0000000715580000, 0x000000073aa80000, 0x00000007c0000000)
  eden space 524288K, 0% used [0x0000000715580000,0x0000000715580000,0x0000000735580000)
  from space 43520K, 0% used [0x0000000738000000,0x0000000738000000,0x000000073aa80000)
  to   space 43520K, 0% used [0x0000000735580000,0x0000000735580000,0x0000000738000000)
 ParOldGen       total 699392K, used 111185K [0x00000005c0000000, 0x00000005eab00000, 0x0000000715580000)
  object space 699392K, 15% used [0x00000005c0000000,0x00000005c6c94790,0x00000005eab00000)
 Metaspace       used 20782K, capacity 20946K, committed 21248K, reserved 1069056K
  class space    used 2401K, capacity 2486K, committed 2560K, reserved 1048576K
}
Event: 5.167 GC heap before
{Heap before GC invocations=4 (full 1):
 PSYoungGen      total 567808K, used 524288K [0x0000000715580000, 0x000000073aa80000, 0x00000007c0000000)
  eden space 524288K, 100% used [0x0000000715580000,0x0000000735580000,0x0000000735580000)
  from space 43520K, 0% used [0x0000000738000000,0x0000000738000000,0x000000073aa80000)
  to   space 43520K, 0% used [0x0000000735580000,0x0000000735580000,0x0000000738000000)
 ParOldGen       total 699392K, used 111185K [0x00000005c0000000, 0x00000005eab00000, 0x0000000715580000)
  object space 699392K, 15% used [0x00000005c0000000,0x00000005c6c94790,0x00000005eab00000)
 Metaspace       used 26704K, capacity 27192K, committed 27392K, reserved 1073152K
  class space    used 3073K, capacity 3229K, committed 3328K, reserved 1048576K
Event: 5.274 GC heap after
Heap after GC invocations=4 (full 1):
 PSYoungGen      total 567808K, used 43504K [0x0000000715580000, 0x0000000746480000, 0x00000007c0000000)
  eden space 524288K, 0% used [0x0000000715580000,0x0000000715580000,0x0000000735580000)
  from space 43520K, 99% used [0x0000000735580000,0x0000000737ffc070,0x0000000738000000)
  to   space 43520K, 0% used [0x0000000743a00000,0x0000000743a00000,0x0000000746480000)
 ParOldGen       total 699392K, used 143493K [0x00000005c0000000, 0x00000005eab00000, 0x0000000715580000)
  object space 699392K, 20% used [0x00000005c0000000,0x00000005c8c217a0,0x00000005eab00000)
 Metaspace       used 26704K, capacity 27192K, committed 27392K, reserved 1073152K
  class space    used 3073K, capacity 3229K, committed 3328K, reserved 1048576K
}
Event: 7.182 GC heap before
{Heap before GC invocations=5 (full 1):
 PSYoungGen      total 567808K, used 567792K [0x0000000715580000, 0x0000000746480000, 0x00000007c0000000)
  eden space 524288K, 100% used [0x0000000715580000,0x0000000735580000,0x0000000735580000)
  from space 43520K, 99% used [0x0000000735580000,0x0000000737ffc070,0x0000000738000000)
  to   space 43520K, 0% used [0x0000000743a00000,0x0000000743a00000,0x0000000746480000)
 ParOldGen       total 699392K, used 143493K [0x00000005c0000000, 0x00000005eab00000, 0x0000000715580000)
  object space 699392K, 20% used [0x00000005c0000000,0x00000005c8c217a0,0x00000005eab00000)
 Metaspace       used 28797K, capacity 29258K, committed 29440K, reserved 1075200K
  class space    used 3351K, capacity 3488K, committed 3584K, reserved 1048576K
Event: 7.346 GC heap after
Heap after GC invocations=5 (full 1):
 PSYoungGen      total 758272K, used 43504K [0x0000000715580000, 0x0000000746780000, 0x00000007c0000000)
  eden space 714752K, 0% used [0x0000000715580000,0x0000000715580000,0x0000000740f80000)
  from space 43520K, 99% used [0x0000000743a00000,0x000000074647c090,0x0000000746480000)
  to   space 43520K, 0% used [0x0000000740f80000,0x0000000740f80000,0x0000000743a00000)
 ParOldGen       total 699392K, used 256306K [0x00000005c0000000, 0x00000005eab00000, 0x0000000715580000)
  object space 699392K, 36% used [0x00000005c0000000,0x00000005cfa4ca48,0x00000005eab00000)
 Metaspace       used 28797K, capacity 29258K, committed 29440K, reserved 1075200K
  class space    used 3351K, capacity 3488K, committed 3584K, reserved 1048576K
}
Event: 11.097 GC heap before
{Heap before GC invocations=6 (full 1):
 PSYoungGen      total 758272K, used 660250K [0x0000000715580000, 0x0000000746780000, 0x00000007c0000000)
  eden space 714752K, 86% used [0x0000000715580000,0x000000073afca990,0x0000000740f80000)
  from space 43520K, 99% used [0x0000000743a00000,0x000000074647c090,0x0000000746480000)
  to   space 43520K, 0% used [0x0000000740f80000,0x0000000740f80000,0x0000000743a00000)
 ParOldGen       total 699392K, used 256306K [0x00000005c0000000, 0x00000005eab00000, 0x0000000715580000)
  object space 699392K, 36% used [0x00000005c0000000,0x00000005cfa4ca48,0x00000005eab00000)
 Metaspace       used 34779K, capacity 35334K, committed 35416K, reserved 1081344K
  class space    used 3879K, capacity 4016K, committed 4096K, reserved 1048576K
Event: 11.337 GC heap after
Heap after GC invocations=6 (full 1):
 PSYoungGen      total 758272K, used 43517K [0x0000000715580000, 0x0000000768d80000, 0x00000007c0000000)
  eden space 714752K, 0% used [0x0000000715580000,0x0000000715580000,0x0000000740f80000)
  from space 43520K, 99% used [0x0000000740f80000,0x00000007439ff678,0x0000000743a00000)
  to   space 198656K, 0% used [0x000000075cb80000,0x000000075cb80000,0x0000000768d80000)
 ParOldGen       total 699392K, used 390104K [0x00000005c0000000, 0x00000005eab00000, 0x0000000715580000)
  object space 699392K, 55% used [0x00000005c0000000,0x00000005d7cf6318,0x00000005eab00000)
 Metaspace       used 34779K, capacity 35334K, committed 35416K, reserved 1081344K
  class space    used 3879K, capacity 4016K, committed 4096K, reserved 1048576K
}
Event: 11.337 GC heap before
{Heap before GC invocations=7 (full 2):
 PSYoungGen      total 758272K, used 43517K [0x0000000715580000, 0x0000000768d80000, 0x00000007c0000000)
  eden space 714752K, 0% used [0x0000000715580000,0x0000000715580000,0x0000000740f80000)
  from space 43520K, 99% used [0x0000000740f80000,0x00000007439ff678,0x0000000743a00000)
  to   space 198656K, 0% used [0x000000075cb80000,0x000000075cb80000,0x0000000768d80000)
 ParOldGen       total 699392K, used 390104K [0x00000005c0000000, 0x00000005eab00000, 0x0000000715580000)
  object space 699392K, 55% used [0x00000005c0000000,0x00000005d7cf6318,0x00000005eab00000)
 Metaspace       used 34779K, capacity 35334K, committed 35416K, reserved 1081344K
  class space    used 3879K, capacity 4016K, committed 4096K, reserved 1048576K
Event: 12.514 GC heap after
Heap after GC invocations=7 (full 2):
 PSYoungGen      total 758272K, used 0K [0x0000000715580000, 0x0000000768d80000, 0x00000007c0000000)
  eden space 714752K, 0% used [0x0000000715580000,0x0000000715580000,0x0000000740f80000)
  from space 43520K, 0% used [0x0000000740f80000,0x0000000740f80000,0x0000000743a00000)
  to   space 198656K, 0% used [0x000000075cb80000,0x000000075cb80000,0x0000000768d80000)
 ParOldGen       total 1144320K, used 307039K [0x00000005c0000000, 0x0000000605d80000, 0x0000000715580000)
  object space 1144320K, 26% used [0x00000005c0000000,0x00000005d2bd7d60,0x0000000605d80000)
 Metaspace       used 34779K, capacity 35334K, committed 35416K, reserved 1081344K
  class space    used 3879K, capacity 4016K, committed 4096K, reserved 1048576K
}
Event: 15.687 GC heap before
{Heap before GC invocations=8 (full 2):
 PSYoungGen      total 758272K, used 714752K [0x0000000715580000, 0x0000000768d80000, 0x00000007c0000000)
  eden space 714752K, 100% used [0x0000000715580000,0x0000000740f80000,0x0000000740f80000)
  from space 43520K, 0% used [0x0000000740f80000,0x0000000740f80000,0x0000000743a00000)
  to   space 198656K, 0% used [0x000000075cb80000,0x000000075cb80000,0x0000000768d80000)
 ParOldGen       total 1144320K, used 307039K [0x00000005c0000000, 0x0000000605d80000, 0x0000000715580000)
  object space 1144320K, 26% used [0x00000005c0000000,0x00000005d2bd7d60,0x0000000605d80000)
 Metaspace       used 37240K, capacity 37956K, committed 38016K, reserved 1083392K
  class space    used 4068K, capacity 4223K, committed 4224K, reserved 1048576K
Event: 15.826 GC heap after
Heap after GC invocations=8 (full 2):
 PSYoungGen      total 1137152K, used 194466K [0x0000000715580000, 0x000000076b800000, 0x00000007c0000000)
  eden space 938496K, 0% used [0x0000000715580000,0x0000000715580000,0x000000074ea00000)
  from space 198656K, 97% used [0x000000075cb80000,0x0000000768968ab0,0x0000000768d80000)
  to   space 230912K, 0% used [0x000000074ea00000,0x000000074ea00000,0x000000075cb80000)
 ParOldGen       total 1144320K, used 307047K [0x00000005c0000000, 0x0000000605d80000, 0x0000000715580000)
  object space 1144320K, 26% used [0x00000005c0000000,0x00000005d2bd9d60,0x0000000605d80000)
 Metaspace       used 37240K, capacity 37956K, committed 38016K, reserved 1083392K
  class space    used 4068K, capacity 4223K, committed 4224K, reserved 1048576K
}
Event: 20.027 GC heap before
{Heap before GC invocations=9 (full 2):
 PSYoungGen      total 1137152K, used 1132962K [0x0000000715580000, 0x000000076b800000, 0x00000007c0000000)
  eden space 938496K, 100% used [0x0000000715580000,0x000000074ea00000,0x000000074ea00000)
  from space 198656K, 97% used [0x000000075cb80000,0x0000000768968ab0,0x0000000768d80000)
  to   space 230912K, 0% used [0x000000074ea00000,0x000000074ea00000,0x000000075cb80000)
 ParOldGen       total 1144320K, used 307047K [0x00000005c0000000, 0x0000000605d80000, 0x0000000715580000)
  object space 1144320K, 26% used [0x00000005c0000000,0x00000005d2bd9d60,0x0000000605d80000)
 Metaspace       used 54712K, capacity 57084K, committed 57216K, reserved 1099776K
  class space    used 6215K, capacity 6740K, committed 6784K, reserved 1048576K
Event: 20.080 GC heap after
Heap after GC invocations=9 (full 2):
 PSYoungGen      total 1169408K, used 45937K [0x0000000715580000, 0x000000077b500000, 0x00000007c0000000)
  eden space 938496K, 0% used [0x0000000715580000,0x0000000715580000,0x000000074ea00000)
  from space 230912K, 19% used [0x000000074ea00000,0x00000007516dc668,0x000000075cb80000)
  to   space 233984K, 0% used [0x000000076d080000,0x000000076d080000,0x000000077b500000)
 ParOldGen       total 1144320K, used 307055K [0x00000005c0000000, 0x0000000605d80000, 0x0000000715580000)
  object space 1144320K, 26% used [0x00000005c0000000,0x00000005d2bdbd60,0x0000000605d80000)
 Metaspace       used 54712K, capacity 57084K, committed 57216K, reserved 1099776K
  class space    used 6215K, capacity 6740K, committed 6784K, reserved 1048576K
}
Event: 20.160 GC heap before
{Heap before GC invocations=10 (full 2):
 PSYoungGen      total 1169408K, used 69415K [0x0000000715580000, 0x000000077b500000, 0x00000007c0000000)
  eden space 938496K, 2% used [0x0000000715580000,0x0000000716c6d7c0,0x000000074ea00000)
  from space 230912K, 19% used [0x000000074ea00000,0x00000007516dc668,0x000000075cb80000)
  to   space 233984K, 0% used [0x000000076d080000,0x000000076d080000,0x000000077b500000)
 ParOldGen       total 1144320K, used 307055K [0x00000005c0000000, 0x0000000605d80000, 0x0000000715580000)
  object space 1144320K, 26% used [0x00000005c0000000,0x00000005d2bdbd60,0x0000000605d80000)
 Metaspace       used 55814K, capacity 58894K, committed 59028K, reserved 1101824K
  class space    used 6366K, capacity 7089K, committed 7168K, reserved 1048576K
Event: 20.196 GC heap after
Heap after GC invocations=10 (full 2):
 PSYoungGen      total 1436672K, used 42868K [0x0000000715580000, 0x0000000786680000, 0x00000007c0000000)
  eden space 1202688K, 0% used [0x0000000715580000,0x0000000715580000,0x000000075ec00000)
  from space 233984K, 18% used [0x000000076d080000,0x000000076fa5d2b8,0x000000077b500000)
  to   space 233984K, 0% used [0x000000075ec00000,0x000000075ec00000,0x000000076d080000)
 ParOldGen       total 1144320K, used 307063K [0x00000005c0000000, 0x0000000605d80000, 0x0000000715580000)
  object space 1144320K, 26% used [0x00000005c0000000,0x00000005d2bddd60,0x0000000605d80000)
 Metaspace       used 55814K, capacity 58894K, committed 59028K, reserved 1101824K
  class space    used 6366K, capacity 7089K, committed 7168K, reserved 1048576K
}
Event: 20.196 GC heap before
{Heap before GC invocations=11 (full 3):
 PSYoungGen      total 1436672K, used 42868K [0x0000000715580000, 0x0000000786680000, 0x00000007c0000000)
  eden space 1202688K, 0% used [0x0000000715580000,0x0000000715580000,0x000000075ec00000)
  from space 233984K, 18% used [0x000000076d080000,0x000000076fa5d2b8,0x000000077b500000)
  to   space 233984K, 0% used [0x000000075ec00000,0x000000075ec00000,0x000000076d080000)
 ParOldGen       total 1144320K, used 307063K [0x00000005c0000000, 0x0000000605d80000, 0x0000000715580000)
  object space 1144320K, 26% used [0x00000005c0000000,0x00000005d2bddd60,0x0000000605d80000)
 Metaspace       used 55814K, capacity 58894K, committed 59028K, reserved 1101824K
  class space    used 6366K, capacity 7089K, committed 7168K, reserved 1048576K
Event: 21.039 GC heap after
Heap after GC invocations=11 (full 3):
 PSYoungGen      total 1436672K, used 0K [0x0000000715580000, 0x0000000786680000, 0x00000007c0000000)
  eden space 1202688K, 0% used [0x0000000715580000,0x0000000715580000,0x000000075ec00000)
  from space 233984K, 0% used [0x000000076d080000,0x000000076d080000,0x000000077b500000)
  to   space 233984K, 0% used [0x000000075ec00000,0x000000075ec00000,0x000000076d080000)
 ParOldGen       total 1372160K, used 326984K [0x00000005c0000000, 0x0000000613c00000, 0x0000000715580000)
  object space 1372160K, 23% used [0x00000005c0000000,0x00000005d3f523e0,0x0000000613c00000)
 Metaspace       used 55814K, capacity 58894K, committed 59028K, reserved 1101824K
  class space    used 6366K, capacity 7089K, committed 7168K, reserved 1048576K
}
Event: 25.307 GC heap before
{Heap before GC invocations=12 (full 3):
 PSYoungGen      total 1436672K, used 555955K [0x0000000715580000, 0x0000000786680000, 0x00000007c0000000)
  eden space 1202688K, 46% used [0x0000000715580000,0x000000073746ce28,0x000000075ec00000)
  from space 233984K, 0% used [0x000000076d080000,0x000000076d080000,0x000000077b500000)
  to   space 233984K, 0% used [0x000000075ec00000,0x000000075ec00000,0x000000076d080000)
 ParOldGen       total 1372160K, used 326984K [0x00000005c0000000, 0x0000000613c00000, 0x0000000715580000)
  object space 1372160K, 23% used [0x00000005c0000000,0x00000005d3f523e0,0x0000000613c00000)
 Metaspace       used 90254K, capacity 98260K, committed 98380K, reserved 1134592K
  class space    used 11005K, capacity 13122K, committed 13184K, reserved 1048576K
Event: 25.340 GC heap after
Heap after GC invocations=12 (full 3):
 PSYoungGen      total 1436672K, used 50916K [0x0000000715580000, 0x000000078da00000, 0x00000007c0000000)
  eden space 1202688K, 0% used [0x0000000715580000,0x0000000715580000,0x000000075ec00000)
  from space 233984K, 21% used [0x000000075ec00000,0x0000000761db9110,0x000000076d080000)
  to   space 230400K, 0% used [0x000000077f900000,0x000000077f900000,0x000000078da00000)
 ParOldGen       total 1372160K, used 327056K [0x00000005c0000000, 0x0000000613c00000, 0x0000000715580000)
  object space 1372160K, 23% used [0x00000005c0000000,0x00000005d3f643f0,0x0000000613c00000)
 Metaspace       used 90254K, capacity 98260K, committed 98380K, reserved 1134592K
  class space    used 11005K, capacity 13122K, committed 13184K, reserved 1048576K
}
Event: 25.340 GC heap before
{Heap before GC invocations=13 (full 4):
 PSYoungGen      total 1436672K, used 50916K [0x0000000715580000, 0x000000078da00000, 0x00000007c0000000)
  eden space 1202688K, 0% used [0x0000000715580000,0x0000000715580000,0x000000075ec00000)
  from space 233984K, 21% used [0x000000075ec00000,0x0000000761db9110,0x000000076d080000)
  to   space 230400K, 0% used [0x000000077f900000,0x000000077f900000,0x000000078da00000)
 ParOldGen       total 1372160K, used 327056K [0x00000005c0000000, 0x0000000613c00000, 0x0000000715580000)
  object space 1372160K, 23% used [0x00000005c0000000,0x00000005d3f643f0,0x0000000613c00000)
 Metaspace       used 90254K, capacity 98260K, committed 98380K, reserved 1134592K
  class space    used 11005K, capacity 13122K, committed 13184K, reserved 1048576K
Event: 25.811 GC heap after
Heap after GC invocations=13 (full 4):
 PSYoungGen      total 1436672K, used 0K [0x0000000715580000, 0x000000078da00000, 0x00000007c0000000)
  eden space 1202688K, 0% used [0x0000000715580000,0x0000000715580000,0x000000075ec00000)
  from space 233984K, 0% used [0x000000075ec00000,0x000000075ec00000,0x000000076d080000)
  to   space 230400K, 0% used [0x000000077f900000,0x000000077f900000,0x000000078da00000)
 ParOldGen       total 1708544K, used 364856K [0x00000005c0000000, 0x0000000628480000, 0x0000000715580000)
  object space 1708544K, 21% used [0x00000005c0000000,0x00000005d644e2d0,0x0000000628480000)
 Metaspace       used 90246K, capacity 98238K, committed 98380K, reserved 1134592K
  class space    used 11002K, capacity 13117K, committed 13184K, reserved 1048576K
}
Event: 30.094 GC heap before
{Heap before GC invocations=14 (full 4):
 PSYoungGen      total 1436672K, used 1202688K [0x0000000715580000, 0x000000078da00000, 0x00000007c0000000)
  eden space 1202688K, 100% used [0x0000000715580000,0x000000075ec00000,0x000000075ec00000)
  from space 233984K, 0% used [0x000000075ec00000,0x000000075ec00000,0x000000076d080000)
  to   space 230400K, 0% used [0x000000077f900000,0x000000077f900000,0x000000078da00000)
 ParOldGen       total 1708544K, used 364856K [0x00000005c0000000, 0x0000000628480000, 0x0000000715580000)
  object space 1708544K, 21% used [0x00000005c0000000,0x00000005d644e2d0,0x0000000628480000)
 Metaspace       used 97820K, capacity 106462K, committed 106572K, reserved 1142784K
  class space    used 11975K, capacity 14189K, committed 14208K, reserved 1048576K
Event: 30.278 GC heap after
Heap after GC invocations=14 (full 4):
 PSYoungGen      total 1720320K, used 174841K [0x0000000715580000, 0x000000078e280000, 0x00000007c0000000)
  eden space 1489920K, 0% used [0x0000000715580000,0x0000000715580000,0x0000000770480000)
  from space 230400K, 75% used [0x000000077f900000,0x000000078a3be4c8,0x000000078da00000)
  to   space 244736K, 0% used [0x0000000770480000,0x0000000770480000,0x000000077f380000)
 ParOldGen       total 1708544K, used 364864K [0x00000005c0000000, 0x0000000628480000, 0x0000000715580000)
  object space 1708544K, 21% used [0x00000005c0000000,0x00000005d64502d0,0x0000000628480000)
 Metaspace       used 97820K, capacity 106462K, committed 106572K, reserved 1142784K
  class space    used 11975K, capacity 14189K, committed 14208K, reserved 1048576K
}
Event: 33.586 GC heap before
{Heap before GC invocations=15 (full 4):
 PSYoungGen      total 1720320K, used 1664761K [0x0000000715580000, 0x000000078e280000, 0x00000007c0000000)
  eden space 1489920K, 100% used [0x0000000715580000,0x0000000770480000,0x0000000770480000)
  from space 230400K, 75% used [0x000000077f900000,0x000000078a3be4c8,0x000000078da00000)
  to   space 244736K, 0% used [0x0000000770480000,0x0000000770480000,0x000000077f380000)
 ParOldGen       total 1708544K, used 364864K [0x00000005c0000000, 0x0000000628480000, 0x0000000715580000)
  object space 1708544K, 21% used [0x00000005c0000000,0x00000005d64502d0,0x0000000628480000)
 Metaspace       used 97912K, capacity 106526K, committed 106828K, reserved 1142784K
  class space    used 11983K, capacity 14189K, committed 14208K, reserved 1048576K
Event: 33.871 GC heap after
Heap after GC invocations=15 (full 4):
 PSYoungGen      total 1734656K, used 244709K [0x0000000715580000, 0x00000007ab680000, 0x00000007c0000000)
  eden space 1489920K, 0% used [0x0000000715580000,0x0000000715580000,0x0000000770480000)
  from space 244736K, 99% used [0x0000000770480000,0x000000077f379660,0x000000077f380000)
  to   space 304640K, 0% used [0x0000000798d00000,0x0000000798d00000,0x00000007ab680000)
 ParOldGen       total 1708544K, used 426946K [0x00000005c0000000, 0x0000000628480000, 0x0000000715580000)
  object space 1708544K, 24% used [0x00000005c0000000,0x00000005da0f0990,0x0000000628480000)
 Metaspace       used 97912K, capacity 106526K, committed 106828K, reserved 1142784K
  class space    used 11983K, capacity 14189K, committed 14208K, reserved 1048576K
}
Event: 38.600 GC heap before
{Heap before GC invocations=16 (full 4):
 PSYoungGen      total 1734656K, used 1734629K [0x0000000715580000, 0x00000007ab680000, 0x00000007c0000000)
  eden space 1489920K, 100% used [0x0000000715580000,0x0000000770480000,0x0000000770480000)
  from space 244736K, 99% used [0x0000000770480000,0x000000077f379660,0x000000077f380000)
  to   space 304640K, 0% used [0x0000000798d00000,0x0000000798d00000,0x00000007ab680000)
 ParOldGen       total 1708544K, used 426946K [0x00000005c0000000, 0x0000000628480000, 0x0000000715580000)
  object space 1708544K, 24% used [0x00000005c0000000,0x00000005da0f0990,0x0000000628480000)
 Metaspace       used 108513K, capacity 117860K, committed 117964K, reserved 1150976K
  class space    used 13418K, capacity 15828K, committed 15872K, reserved 1048576K
Event: 38.927 GC heap after
Heap after GC invocations=16 (full 4):
 PSYoungGen      total 2095616K, used 304632K [0x0000000715580000, 0x00000007b2180000, 0x00000007c0000000)
  eden space 1790976K, 0% used [0x0000000715580000,0x0000000715580000,0x0000000782a80000)
  from space 304640K, 99% used [0x0000000798d00000,0x00000007ab67e1a0,0x00000007ab680000)
  to   space 363008K, 0% used [0x0000000782a80000,0x0000000782a80000,0x0000000798d00000)
 ParOldGen       total 1708544K, used 455631K [0x00000005c0000000, 0x0000000628480000, 0x0000000715580000)
  object space 1708544K, 26% used [0x00000005c0000000,0x00000005dbcf3c88,0x0000000628480000)
 Metaspace       used 108513K, capacity 117860K, committed 117964K, reserved 1150976K
  class space    used 13418K, capacity 15828K, committed 15872K, reserved 1048576K
}
Event: 46.539 GC heap before
{Heap before GC invocations=17 (full 4):
 PSYoungGen      total 2095616K, used 2095608K [0x0000000715580000, 0x00000007b2180000, 0x00000007c0000000)
  eden space 1790976K, 100% used [0x0000000715580000,0x0000000782a80000,0x0000000782a80000)
  from space 304640K, 99% used [0x0000000798d00000,0x00000007ab67e1a0,0x00000007ab680000)
  to   space 363008K, 0% used [0x0000000782a80000,0x0000000782a80000,0x0000000798d00000)
 ParOldGen       total 1708544K, used 455631K [0x00000005c0000000, 0x0000000628480000, 0x0000000715580000)
  object space 1708544K, 26% used [0x00000005c0000000,0x00000005dbcf3c88,0x0000000628480000)
 Metaspace       used 147089K, capacity 158254K, committed 158412K, reserved 1185792K
  class space    used 18959K, capacity 21930K, committed 22016K, reserved 1048576K
Event: 46.840 GC heap after
Heap after GC invocations=17 (full 4):
 PSYoungGen      total 2153984K, used 334556K [0x0000000715580000, 0x00000007c0000000, 0x00000007c0000000)
  eden space 1790976K, 0% used [0x0000000715580000,0x0000000715580000,0x0000000782a80000)
  from space 363008K, 92% used [0x0000000782a80000,0x0000000797137068,0x0000000798d00000)
  to   space 410624K, 0% used [0x00000007a6f00000,0x00000007a6f00000,0x00000007c0000000)
 ParOldGen       total 1708544K, used 455639K [0x00000005c0000000, 0x0000000628480000, 0x0000000715580000)
  object space 1708544K, 26% used [0x00000005c0000000,0x00000005dbcf5c88,0x0000000628480000)
 Metaspace       used 147089K, capacity 158254K, committed 158412K, reserved 1185792K
  class space    used 18959K, capacity 21930K, committed 22016K, reserved 1048576K
}
Event: 48.934 GC heap before
{Heap before GC invocations=18 (full 4):
 PSYoungGen      total 2153984K, used 566099K [0x0000000715580000, 0x00000007c0000000, 0x00000007c0000000)
  eden space 1790976K, 12% used [0x0000000715580000,0x000000072379dea8,0x0000000782a80000)
  from space 363008K, 92% used [0x0000000782a80000,0x0000000797137068,0x0000000798d00000)
  to   space 410624K, 0% used [0x00000007a6f00000,0x00000007a6f00000,0x00000007c0000000)
 ParOldGen       total 1708544K, used 455639K [0x00000005c0000000, 0x0000000628480000, 0x0000000715580000)
  object space 1708544K, 26% used [0x00000005c0000000,0x00000005dbcf5c88,0x0000000628480000)
 Metaspace       used 152635K, capacity 163872K, committed 163968K, reserved 1189888K
  class space    used 19758K, capacity 22723K, committed 22784K, reserved 1048576K
Event: 49.362 GC heap after
Heap after GC invocations=18 (full 4):
 PSYoungGen      total 2337280K, used 297932K [0x0000000715580000, 0x00000007c0000000, 0x00000007c0000000)
  eden space 1926656K, 0% used [0x0000000715580000,0x0000000715580000,0x000000078af00000)
  from space 410624K, 72% used [0x00000007a6f00000,0x00000007b91f32c8,0x00000007c0000000)
  to   space 434688K, 0% used [0x000000078af00000,0x000000078af00000,0x00000007a5780000)
 ParOldGen       total 1708544K, used 455647K [0x00000005c0000000, 0x0000000628480000, 0x0000000715580000)
  object space 1708544K, 26% used [0x00000005c0000000,0x00000005dbcf7c88,0x0000000628480000)
 Metaspace       used 152635K, capacity 163872K, committed 163968K, reserved 1189888K
  class space    used 19758K, capacity 22723K, committed 22784K, reserved 1048576K
}
Event: 49.362 GC heap before
{Heap before GC invocations=19 (full 5):
 PSYoungGen      total 2337280K, used 297932K [0x0000000715580000, 0x00000007c0000000, 0x00000007c0000000)
  eden space 1926656K, 0% used [0x0000000715580000,0x0000000715580000,0x000000078af00000)
  from space 410624K, 72% used [0x00000007a6f00000,0x00000007b91f32c8,0x00000007c0000000)
  to   space 434688K, 0% used [0x000000078af00000,0x000000078af00000,0x00000007a5780000)
 ParOldGen       total 1708544K, used 455647K [0x00000005c0000000, 0x0000000628480000, 0x0000000715580000)
  object space 1708544K, 26% used [0x00000005c0000000,0x00000005dbcf7c88,0x0000000628480000)
 Metaspace       used 152635K, capacity 163872K, committed 163968K, reserved 1189888K
  class space    used 19758K, capacity 22723K, committed 22784K, reserved 1048576K
Event: 51.162 GC heap after
Heap after GC invocations=19 (full 5):
 PSYoungGen      total 2337280K, used 0K [0x0000000715580000, 0x00000007c0000000, 0x00000007c0000000)
  eden space 1926656K, 0% used [0x0000000715580000,0x0000000715580000,0x000000078af00000)
  from space 410624K, 0% used [0x00000007a6f00000,0x00000007a6f00000,0x00000007c0000000)
  to   space 434688K, 0% used [0x000000078af00000,0x000000078af00000,0x00000007a5780000)
 ParOldGen       total 2194432K, used 620583K [0x00000005c0000000, 0x0000000645f00000, 0x0000000715580000)
  object space 2194432K, 28% used [0x00000005c0000000,0x00000005e5e09f58,0x0000000645f00000)
 Metaspace       used 152582K, capacity 163774K, committed 163968K, reserved 1189888K
  class space    used 19751K, capacity 22715K, committed 22784K, reserved 1048576K
}
Event: 133.194 GC heap before
{Heap before GC invocations=20 (full 5):
 PSYoungGen      total 2337280K, used 1926656K [0x0000000715580000, 0x00000007c0000000, 0x00000007c0000000)
  eden space 1926656K, 100% used [0x0000000715580000,0x000000078af00000,0x000000078af00000)
  from space 410624K, 0% used [0x00000007a6f00000,0x00000007a6f00000,0x00000007c0000000)
  to   space 434688K, 0% used [0x000000078af00000,0x000000078af00000,0x00000007a5780000)
 ParOldGen       total 2194432K, used 620583K [0x00000005c0000000, 0x0000000645f00000, 0x0000000715580000)
  object space 2194432K, 28% used [0x00000005c0000000,0x00000005e5e09f58,0x0000000645f00000)
 Metaspace       used 183542K, capacity 195590K, committed 195788K, reserved 1218560K
  class space    used 23640K, capacity 26877K, committed 26880K, reserved 1048576K
Event: 133.401 GC heap after
Heap after GC invocations=20 (full 5):
 PSYoungGen      total 2361344K, used 200568K [0x0000000715580000, 0x00000007bf480000, 0x00000007c0000000)
  eden space 1926656K, 0% used [0x0000000715580000,0x0000000715580000,0x000000078af00000)
  from space 434688K, 46% used [0x000000078af00000,0x00000007972de078,0x00000007a5780000)
  to   space 416768K, 0% used [0x00000007a5d80000,0x00000007a5d80000,0x00000007bf480000)
 ParOldGen       total 2194432K, used 620591K [0x00000005c0000000, 0x0000000645f00000, 0x0000000715580000)
  object space 2194432K, 28% used [0x00000005c0000000,0x00000005e5e0bf58,0x0000000645f00000)
 Metaspace       used 183542K, capacity 195590K, committed 195788K, reserved 1218560K
  class space    used 23640K, capacity 26877K, committed 26880K, reserved 1048576K
}
Event: 137.967 GC heap before
{Heap before GC invocations=21 (full 5):
 PSYoungGen      total 2361344K, used 2127224K [0x0000000715580000, 0x00000007bf480000, 0x00000007c0000000)
  eden space 1926656K, 100% used [0x0000000715580000,0x000000078af00000,0x000000078af00000)
  from space 434688K, 46% used [0x000000078af00000,0x00000007972de078,0x00000007a5780000)
  to   space 416768K, 0% used [0x00000007a5d80000,0x00000007a5d80000,0x00000007bf480000)
 ParOldGen       total 2194432K, used 620591K [0x00000005c0000000, 0x0000000645f00000, 0x0000000715580000)
  object space 2194432K, 28% used [0x00000005c0000000,0x00000005e5e0bf58,0x0000000645f00000)
 Metaspace       used 187868K, capacity 200186K, committed 200268K, reserved 1222656K
  class space    used 24227K, capacity 27515K, committed 27520K, reserved 1048576K
Event: 138.317 GC heap after
Heap after GC invocations=21 (full 5):
 PSYoungGen      total 2306560K, used 343185K [0x0000000715580000, 0x00000007c0000000, 0x00000007c0000000)
  eden space 1889792K, 0% used [0x0000000715580000,0x0000000715580000,0x0000000788b00000)
  from space 416768K, 82% used [0x00000007a5d80000,0x00000007baca4628,0x00000007bf480000)
  to   space 453120K, 0% used [0x0000000788b00000,0x0000000788b00000,0x00000007a4580000)
 ParOldGen       total 2194432K, used 620599K [0x00000005c0000000, 0x0000000645f00000, 0x0000000715580000)
  object space 2194432K, 28% used [0x00000005c0000000,0x00000005e5e0df58,0x0000000645f00000)
 Metaspace       used 187868K, capacity 200186K, committed 200268K, reserved 1222656K
  class space    used 24227K, capacity 27515K, committed 27520K, reserved 1048576K
}
Event: 141.347 GC heap before
{Heap before GC invocations=22 (full 5):
 PSYoungGen      total 2306560K, used 2232977K [0x0000000715580000, 0x00000007c0000000, 0x00000007c0000000)
  eden space 1889792K, 100% used [0x0000000715580000,0x0000000788b00000,0x0000000788b00000)
  from space 416768K, 82% used [0x00000007a5d80000,0x00000007baca4628,0x00000007bf480000)
  to   space 453120K, 0% used [0x0000000788b00000,0x0000000788b00000,0x00000007a4580000)
 ParOldGen       total 2194432K, used 620599K [0x00000005c0000000, 0x0000000645f00000, 0x0000000715580000)
  object space 2194432K, 28% used [0x00000005c0000000,0x00000005e5e0df58,0x0000000645f00000)
 Metaspace       used 192972K, capacity 205436K, committed 205644K, reserved 1226752K
  class space    used 24890K, capacity 28199K, committed 28288K, reserved 1048576K
Event: 141.677 GC heap after
Heap after GC invocations=22 (full 5):
 PSYoungGen      total 2290176K, used 400122K [0x0000000715580000, 0x00000007c0000000, 0x00000007c0000000)
  eden space 1889792K, 0% used [0x0000000715580000,0x0000000715580000,0x0000000788b00000)
  from space 400384K, 99% used [0x0000000788b00000,0x00000007a11beae0,0x00000007a1200000)
  to   space 502272K, 0% used [0x00000007a1580000,0x00000007a1580000,0x00000007c0000000)
 ParOldGen       total 2194432K, used 620607K [0x00000005c0000000, 0x0000000645f00000, 0x0000000715580000)
  object space 2194432K, 28% used [0x00000005c0000000,0x00000005e5e0ff58,0x0000000645f00000)
 Metaspace       used 192972K, capacity 205436K, committed 205644K, reserved 1226752K
  class space    used 24890K, capacity 28199K, committed 28288K, reserved 1048576K
}
Event: 144.119 GC heap before
{Heap before GC invocations=23 (full 5):
 PSYoungGen      total 2290176K, used 2289914K [0x0000000715580000, 0x00000007c0000000, 0x00000007c0000000)
  eden space 1889792K, 100% used [0x0000000715580000,0x0000000788b00000,0x0000000788b00000)
  from space 400384K, 99% used [0x0000000788b00000,0x00000007a11beae0,0x00000007a1200000)
  to   space 502272K, 0% used [0x00000007a1580000,0x00000007a1580000,0x00000007c0000000)
 ParOldGen       total 2194432K, used 620607K [0x00000005c0000000, 0x0000000645f00000, 0x0000000715580000)
  object space 2194432K, 28% used [0x00000005c0000000,0x00000005e5e0ff58,0x0000000645f00000)
 Metaspace       used 200922K, capacity 213500K, committed 213580K, reserved 1232896K
  class space    used 25940K, capacity 29278K, committed 29312K, reserved 1048576K
Event: 144.443 GC heap after
Heap after GC invocations=23 (full 5):
 PSYoungGen      total 2281472K, used 311170K [0x0000000715580000, 0x00000007c0000000, 0x00000007c0000000)
  eden space 1779200K, 0% used [0x0000000715580000,0x0000000715580000,0x0000000781f00000)
  from space 502272K, 61% used [0x00000007a1580000,0x00000007b45609d0,0x00000007c0000000)
  to   space 508416K, 0% used [0x0000000781f00000,0x0000000781f00000,0x00000007a0f80000)
 ParOldGen       total 2194432K, used 620615K [0x00000005c0000000, 0x0000000645f00000, 0x0000000715580000)
  object space 2194432K, 28% used [0x00000005c0000000,0x00000005e5e11f58,0x0000000645f00000)
 Metaspace       used 200922K, capacity 213500K, committed 213580K, reserved 1232896K
  class space    used 25940K, capacity 29278K, committed 29312K, reserved 1048576K
}
Event: 148.451 GC heap before
{Heap before GC invocations=24 (full 5):
 PSYoungGen      total 2281472K, used 2090370K [0x0000000715580000, 0x00000007c0000000, 0x00000007c0000000)
  eden space 1779200K, 100% used [0x0000000715580000,0x0000000781f00000,0x0000000781f00000)
  from space 502272K, 61% used [0x00000007a1580000,0x00000007b45609d0,0x00000007c0000000)
  to   space 508416K, 0% used [0x0000000781f00000,0x0000000781f00000,0x00000007a0f80000)
 ParOldGen       total 2194432K, used 620615K [0x00000005c0000000, 0x0000000645f00000, 0x0000000715580000)
  object space 2194432K, 28% used [0x00000005c0000000,0x00000005e5e11f58,0x0000000645f00000)
 Metaspace       used 210380K, capacity 223054K, committed 223308K, reserved 1241088K
  class space    used 27734K, capacity 31087K, committed 31104K, reserved 1048576K
Event: 148.703 GC heap after
Heap after GC invocations=24 (full 5):
 PSYoungGen      total 2119168K, used 339690K [0x0000000715580000, 0x00000007c0000000, 0x00000007c0000000)
  eden space 1779200K, 0% used [0x0000000715580000,0x0000000715580000,0x0000000781f00000)
  from space 339968K, 99% used [0x0000000781f00000,0x0000000796abaa08,0x0000000796b00000)
  to   space 521728K, 0% used [0x00000007a0280000,0x00000007a0280000,0x00000007c0000000)
 ParOldGen       total 2194432K, used 620623K [0x00000005c0000000, 0x0000000645f00000, 0x0000000715580000)
  object space 2194432K, 28% used [0x00000005c0000000,0x00000005e5e13f58,0x0000000645f00000)
 Metaspace       used 210380K, capacity 223054K, committed 223308K, reserved 1241088K
  class space    used 27734K, capacity 31087K, committed 31104K, reserved 1048576K
}
Event: 153.444 GC heap before
{Heap before GC invocations=25 (full 5):
 PSYoungGen      total 2119168K, used 2118890K [0x0000000715580000, 0x00000007c0000000, 0x00000007c0000000)
  eden space 1779200K, 100% used [0x0000000715580000,0x0000000781f00000,0x0000000781f00000)
  from space 339968K, 99% used [0x0000000781f00000,0x0000000796abaa08,0x0000000796b00000)
  to   space 521728K, 0% used [0x00000007a0280000,0x00000007a0280000,0x00000007c0000000)
 ParOldGen       total 2194432K, used 620623K [0x00000005c0000000, 0x0000000645f00000, 0x0000000715580000)
  object space 2194432K, 28% used [0x00000005c0000000,0x00000005e5e13f58,0x0000000645f00000)
 Metaspace       used 220844K, capacity 233468K, committed 233804K, reserved 1249280K
  class space    used 29785K, capacity 33104K, committed 33152K, reserved 1048576K
Event: 153.703 GC heap after
Heap after GC invocations=25 (full 5):
 PSYoungGen      total 2235392K, used 367530K [0x0000000715580000, 0x00000007c0000000, 0x00000007c0000000)
  eden space 1713664K, 0% used [0x0000000715580000,0x0000000715580000,0x000000077df00000)
  from space 521728K, 70% used [0x00000007a0280000,0x00000007b696a930,0x00000007c0000000)
  to   space 541184K, 0% used [0x000000077df00000,0x000000077df00000,0x000000079ef80000)
 ParOldGen       total 2194432K, used 620631K [0x00000005c0000000, 0x0000000645f00000, 0x0000000715580000)
  object space 2194432K, 28% used [0x00000005c0000000,0x00000005e5e15f58,0x0000000645f00000)
 Metaspace       used 220844K, capacity 233468K, committed 233804K, reserved 1249280K
  class space    used 29785K, capacity 33104K, committed 33152K, reserved 1048576K
}
Event: 157.044 GC heap before
{Heap before GC invocations=26 (full 5):
 PSYoungGen      total 2235392K, used 2081194K [0x0000000715580000, 0x00000007c0000000, 0x00000007c0000000)
  eden space 1713664K, 100% used [0x0000000715580000,0x000000077df00000,0x000000077df00000)
  from space 521728K, 70% used [0x00000007a0280000,0x00000007b696a930,0x00000007c0000000)
  to   space 541184K, 0% used [0x000000077df00000,0x000000077df00000,0x000000079ef80000)
 ParOldGen       total 2194432K, used 620631K [0x00000005c0000000, 0x0000000645f00000, 0x0000000715580000)
  object space 2194432K, 28% used [0x00000005c0000000,0x00000005e5e15f58,0x0000000645f00000)
 Metaspace       used 229910K, capacity 242534K, committed 242764K, reserved 1257472K
  class space    used 31552K, capacity 34865K, committed 34944K, reserved 1048576K
Event: 157.303 GC heap after
Heap after GC invocations=26 (full 5):
 PSYoungGen      total 2100736K, used 386636K [0x0000000715580000, 0x00000007c0000000, 0x00000007c0000000)
  eden space 1713664K, 0% used [0x0000000715580000,0x0000000715580000,0x000000077df00000)
  from space 387072K, 99% used [0x000000077df00000,0x0000000795893320,0x0000000795900000)
  to   space 562176K, 0% used [0x000000079db00000,0x000000079db00000,0x00000007c0000000)
 ParOldGen       total 2194432K, used 620639K [0x00000005c0000000, 0x0000000645f00000, 0x0000000715580000)
  object space 2194432K, 28% used [0x00000005c0000000,0x00000005e5e17f58,0x0000000645f00000)
 Metaspace       used 229910K, capacity 242534K, committed 242764K, reserved 1257472K
  class space    used 31552K, capacity 34865K, committed 34944K, reserved 1048576K
}
Event: 160.366 GC heap before
{Heap before GC invocations=27 (full 5):
 PSYoungGen      total 2100736K, used 2100300K [0x0000000715580000, 0x00000007c0000000, 0x00000007c0000000)
  eden space 1713664K, 100% used [0x0000000715580000,0x000000077df00000,0x000000077df00000)
  from space 387072K, 99% used [0x000000077df00000,0x0000000795893320,0x0000000795900000)
  to   space 562176K, 0% used [0x000000079db00000,0x000000079db00000,0x00000007c0000000)
 ParOldGen       total 2194432K, used 620639K [0x00000005c0000000, 0x0000000645f00000, 0x0000000715580000)
  object space 2194432K, 28% used [0x00000005c0000000,0x00000005e5e17f58,0x0000000645f00000)
 Metaspace       used 240751K, capacity 253440K, committed 253772K, reserved 1265664K
  class space    used 33847K, capacity 37172K, committed 37248K, reserved 1048576K
Event: 160.691 GC heap after
Heap after GC invocations=27 (full 5):
 PSYoungGen      total 2174464K, used 425500K [0x0000000715580000, 0x00000007c0000000, 0x00000007c0000000)
  eden space 1612288K, 0% used [0x0000000715580000,0x0000000715580000,0x0000000777c00000)
  from space 562176K, 75% used [0x000000079db00000,0x00000007b7a87120,0x00000007c0000000)
  to   space 591872K, 0% used [0x0000000777c00000,0x0000000777c00000,0x000000079be00000)
 ParOldGen       total 2194432K, used 620647K [0x00000005c0000000, 0x0000000645f00000, 0x0000000715580000)
  object space 2194432K, 28% used [0x00000005c0000000,0x00000005e5e19f58,0x0000000645f00000)
 Metaspace       used 240751K, capacity 253440K, committed 253772K, reserved 1265664K
  class space    used 33847K, capacity 37172K, committed 37248K, reserved 1048576K
}
Event: 163.694 GC heap before
{Heap before GC invocations=28 (full 5):
 PSYoungGen      total 2174464K, used 2037788K [0x0000000715580000, 0x00000007c0000000, 0x00000007c0000000)
  eden space 1612288K, 100% used [0x0000000715580000,0x0000000777c00000,0x0000000777c00000)
  from space 562176K, 75% used [0x000000079db00000,0x00000007b7a87120,0x00000007c0000000)
  to   space 591872K, 0% used [0x0000000777c00000,0x0000000777c00000,0x000000079be00000)
 ParOldGen       total 2194432K, used 620647K [0x00000005c0000000, 0x0000000645f00000, 0x0000000715580000)
  object space 2194432K, 28% used [0x00000005c0000000,0x00000005e5e19f58,0x0000000645f00000)
 Metaspace       used 251944K, capacity 264576K, committed 264780K, reserved 1275904K
  class space    used 35974K, capacity 39284K, committed 39296K, reserved 1048576K
Event: 164.022 GC heap after
Heap after GC invocations=28 (full 5):
 PSYoungGen      total 2076672K, used 463981K [0x0000000715580000, 0x00000007c0000000, 0x00000007c0000000)
  eden space 1612288K, 0% used [0x0000000715580000,0x0000000715580000,0x0000000777c00000)
  from space 464384K, 99% used [0x0000000777c00000,0x000000079411b520,0x0000000794180000)
  to   space 628224K, 0% used [0x0000000799a80000,0x0000000799a80000,0x00000007c0000000)
 ParOldGen       total 2194432K, used 620655K [0x00000005c0000000, 0x0000000645f00000, 0x0000000715580000)
  object space 2194432K, 28% used [0x00000005c0000000,0x00000005e5e1bf58,0x0000000645f00000)
 Metaspace       used 251944K, capacity 264576K, committed 264780K, reserved 1275904K
  class space    used 35974K, capacity 39284K, committed 39296K, reserved 1048576K
}
Event: 166.045 GC heap before
{Heap before GC invocations=29 (full 5):
 PSYoungGen      total 2076672K, used 2076269K [0x0000000715580000, 0x00000007c0000000, 0x00000007c0000000)
  eden space 1612288K, 100% used [0x0000000715580000,0x0000000777c00000,0x0000000777c00000)
  from space 464384K, 99% used [0x0000000777c00000,0x000000079411b520,0x0000000794180000)
  to   space 628224K, 0% used [0x0000000799a80000,0x0000000799a80000,0x00000007c0000000)
 ParOldGen       total 2194432K, used 620655K [0x00000005c0000000, 0x0000000645f00000, 0x0000000715580000)
  object space 2194432K, 28% used [0x00000005c0000000,0x00000005e5e1bf58,0x0000000645f00000)
 Metaspace       used 253949K, capacity 266686K, committed 267084K, reserved 1275904K
  class space    used 36388K, capacity 39715K, committed 39808K, reserved 1048576K
Event: 166.458 GC heap after
Heap after GC invocations=29 (full 5):
 PSYoungGen      total 2042880K, used 556785K [0x0000000715580000, 0x00000007c0000000, 0x00000007c0000000)
  eden space 1414656K, 0% used [0x0000000715580000,0x0000000715580000,0x000000076bb00000)
  from space 628224K, 88% used [0x0000000799a80000,0x00000007bba3c4d8,0x00000007c0000000)
  to   space 690688K, 0% used [0x000000076bb00000,0x000000076bb00000,0x0000000795d80000)
 ParOldGen       total 2194432K, used 620663K [0x00000005c0000000, 0x0000000645f00000, 0x0000000715580000)
  object space 2194432K, 28% used [0x00000005c0000000,0x00000005e5e1df58,0x0000000645f00000)
 Metaspace       used 253949K, capacity 266686K, committed 267084K, reserved 1275904K
  class space    used 36388K, capacity 39715K, committed 39808K, reserved 1048576K
}
Event: 167.968 GC heap before
{Heap before GC invocations=30 (full 5):
 PSYoungGen      total 2042880K, used 1971441K [0x0000000715580000, 0x00000007c0000000, 0x00000007c0000000)
  eden space 1414656K, 100% used [0x0000000715580000,0x000000076bb00000,0x000000076bb00000)
  from space 628224K, 88% used [0x0000000799a80000,0x00000007bba3c4d8,0x00000007c0000000)
  to   space 690688K, 0% used [0x000000076bb00000,0x000000076bb00000,0x0000000795d80000)
 ParOldGen       total 2194432K, used 620663K [0x00000005c0000000, 0x0000000645f00000, 0x0000000715580000)
  object space 2194432K, 28% used [0x00000005c0000000,0x00000005e5e1df58,0x0000000645f00000)
 Metaspace       used 253952K, capacity 266686K, committed 267084K, reserved 1275904K
  class space    used 36388K, capacity 39715K, committed 39808K, reserved 1048576K
Event: 168.346 GC heap after
Heap after GC invocations=30 (full 5):
 PSYoungGen      total 1971200K, used 556121K [0x0000000715580000, 0x00000007c0000000, 0x00000007c0000000)
  eden space 1414656K, 0% used [0x0000000715580000,0x0000000715580000,0x000000076bb00000)
  from space 556544K, 99% used [0x000000076bb00000,0x000000078da164b8,0x000000078da80000)
  to   space 739328K, 0% used [0x0000000792e00000,0x0000000792e00000,0x00000007c0000000)
 ParOldGen       total 2194432K, used 620663K [0x00000005c0000000, 0x0000000645f00000, 0x0000000715580000)
  object space 2194432K, 28% used [0x00000005c0000000,0x00000005e5e1df58,0x0000000645f00000)
 Metaspace       used 253952K, capacity 266686K, committed 267084K, reserved 1275904K
  class space    used 36388K, capacity 39715K, committed 39808K, reserved 1048576K
}
Event: 169.528 GC heap before
{Heap before GC invocations=31 (full 5):
 PSYoungGen      total 1971200K, used 1970777K [0x0000000715580000, 0x00000007c0000000, 0x00000007c0000000)
  eden space 1414656K, 100% used [0x0000000715580000,0x000000076bb00000,0x000000076bb00000)
  from space 556544K, 99% used [0x000000076bb00000,0x000000078da164b8,0x000000078da80000)
  to   space 739328K, 0% used [0x0000000792e00000,0x0000000792e00000,0x00000007c0000000)
 ParOldGen       total 2194432K, used 620663K [0x00000005c0000000, 0x0000000645f00000, 0x0000000715580000)
  object space 2194432K, 28% used [0x00000005c0000000,0x00000005e5e1df58,0x0000000645f00000)
 Metaspace       used 254100K, capacity 266818K, committed 267084K, reserved 1275904K
  class space    used 36389K, capacity 39715K, committed 39808K, reserved 1048576K
Event: 170.007 GC heap after
Heap after GC invocations=31 (full 5):
 PSYoungGen      total 1943040K, used 606697K [0x0000000715580000, 0x00000007c0000000, 0x00000007c0000000)
  eden space 1203712K, 0% used [0x0000000715580000,0x0000000715580000,0x000000075ed00000)
  from space 739328K, 82% used [0x0000000792e00000,0x00000007b7e7a5b0,0x00000007c0000000)
  to   space 796160K, 0% used [0x000000075ed00000,0x000000075ed00000,0x000000078f680000)
 ParOldGen       total 2194432K, used 620671K [0x00000005c0000000, 0x0000000645f00000, 0x0000000715580000)
  object space 2194432K, 28% used [0x00000005c0000000,0x00000005e5e1ff58,0x0000000645f00000)
 Metaspace       used 254100K, capacity 266818K, committed 267084K, reserved 1275904K
  class space    used 36389K, capacity 39715K, committed 39808K, reserved 1048576K
}
Event: 176.926 GC heap before
{Heap before GC invocations=32 (full 5):
 PSYoungGen      total 1943040K, used 1810409K [0x0000000715580000, 0x00000007c0000000, 0x00000007c0000000)
  eden space 1203712K, 100% used [0x0000000715580000,0x000000075ed00000,0x000000075ed00000)
  from space 739328K, 82% used [0x0000000792e00000,0x00000007b7e7a5b0,0x00000007c0000000)
  to   space 796160K, 0% used [0x000000075ed00000,0x000000075ed00000,0x000000078f680000)
 ParOldGen       total 2194432K, used 620671K [0x00000005c0000000, 0x0000000645f00000, 0x0000000715580000)
  object space 2194432K, 28% used [0x00000005c0000000,0x00000005e5e1ff58,0x0000000645f00000)
 Metaspace       used 254612K, capacity 267278K, committed 267596K, reserved 1277952K
  class space    used 36392K, capacity 39717K, committed 39808K, reserved 1048576K
Event: 177.401 GC heap after
Heap after GC invocations=32 (full 5):
 PSYoungGen      total 1854464K, used 650361K [0x0000000715580000, 0x00000007c0000000, 0x00000007c0000000)
  eden space 1203712K, 0% used [0x0000000715580000,0x0000000715580000,0x000000075ed00000)
  from space 650752K, 99% used [0x000000075ed00000,0x000000078681e5a8,0x0000000786880000)
  to   space 856064K, 0% used [0x000000078bc00000,0x000000078bc00000,0x00000007c0000000)
 ParOldGen       total 2194432K, used 620679K [0x00000005c0000000, 0x0000000645f00000, 0x0000000715580000)
  object space 2194432K, 28% used [0x00000005c0000000,0x00000005e5e21f58,0x0000000645f00000)
 Metaspace       used 254612K, capacity 267278K, committed 267596K, reserved 1277952K
  class space    used 36392K, capacity 39717K, committed 39808K, reserved 1048576K
}
Event: 181.319 GC heap before
{Heap before GC invocations=33 (full 5):
 PSYoungGen      total 1854464K, used 1854073K [0x0000000715580000, 0x00000007c0000000, 0x00000007c0000000)
  eden space 1203712K, 100% used [0x0000000715580000,0x000000075ed00000,0x000000075ed00000)
  from space 650752K, 99% used [0x000000075ed00000,0x000000078681e5a8,0x0000000786880000)
  to   space 856064K, 0% used [0x000000078bc00000,0x000000078bc00000,0x00000007c0000000)
 ParOldGen       total 2194432K, used 620679K [0x00000005c0000000, 0x0000000645f00000, 0x0000000715580000)
  object space 2194432K, 28% used [0x00000005c0000000,0x00000005e5e21f58,0x0000000645f00000)
 Metaspace       used 255040K, capacity 267774K, committed 268108K, reserved 1277952K
  class space    used 36412K, capacity 39749K, committed 39808K, reserved 1048576K
Event: 181.811 GC heap after
Heap after GC invocations=33 (full 5):
 PSYoungGen      total 1940480K, used 522754K [0x0000000715580000, 0x00000007c0000000, 0x00000007c0000000)
  eden space 1084416K, 0% used [0x0000000715580000,0x0000000715580000,0x0000000757880000)
  from space 856064K, 61% used [0x000000078bc00000,0x00000007aba80b08,0x00000007c0000000)
  to   space 855552K, 0% used [0x0000000757880000,0x0000000757880000,0x000000078bc00000)
 ParOldGen       total 2194432K, used 794664K [0x00000005c0000000, 0x0000000645f00000, 0x0000000715580000)
  object space 2194432K, 36% used [0x00000005c0000000,0x00000005f080a118,0x0000000645f00000)
 Metaspace       used 255040K, capacity 267774K, committed 268108K, reserved 1277952K
  class space    used 36412K, capacity 39749K, committed 39808K, reserved 1048576K
}
Event: 184.481 GC heap before
{Heap before GC invocations=34 (full 5):
 PSYoungGen      total 1940480K, used 1607170K [0x0000000715580000, 0x00000007c0000000, 0x00000007c0000000)
  eden space 1084416K, 100% used [0x0000000715580000,0x0000000757880000,0x0000000757880000)
  from space 856064K, 61% used [0x000000078bc00000,0x00000007aba80b08,0x00000007c0000000)
  to   space 855552K, 0% used [0x0000000757880000,0x0000000757880000,0x000000078bc00000)
 ParOldGen       total 2194432K, used 794664K [0x00000005c0000000, 0x0000000645f00000, 0x0000000715580000)
  object space 2194432K, 36% used [0x00000005c0000000,0x00000005f080a118,0x0000000645f00000)
 Metaspace       used 255132K, capacity 267838K, committed 268108K, reserved 1277952K
  class space    used 36412K, capacity 39749K, committed 39808K, reserved 1048576K
Event: 184.906 GC heap after
Heap after GC invocations=34 (full 5):
 PSYoungGen      total 1520640K, used 436174K [0x0000000715580000, 0x00000007bb980000, 0x00000007c0000000)
  eden space 1084416K, 0% used [0x0000000715580000,0x0000000715580000,0x0000000757880000)
  from space 436224K, 99% used [0x0000000757880000,0x0000000772273bb8,0x0000000772280000)
  to   space 819712K, 0% used [0x0000000789900000,0x0000000789900000,0x00000007bb980000)
 ParOldGen       total 2194432K, used 913221K [0x00000005c0000000, 0x0000000645f00000, 0x0000000715580000)
  object space 2194432K, 41% used [0x00000005c0000000,0x00000005f7bd14d0,0x0000000645f00000)
 Metaspace       used 255132K, capacity 267838K, committed 268108K, reserved 1277952K
  class space    used 36412K, capacity 39749K, committed 39808K, reserved 1048576K
}
Event: 187.663 GC heap before
{Heap before GC invocations=35 (full 5):
 PSYoungGen      total 1520640K, used 1520590K [0x0000000715580000, 0x00000007bb980000, 0x00000007c0000000)
  eden space 1084416K, 100% used [0x0000000715580000,0x0000000757880000,0x0000000757880000)
  from space 436224K, 99% used [0x0000000757880000,0x0000000772273bb8,0x0000000772280000)
  to   space 819712K, 0% used [0x0000000789900000,0x0000000789900000,0x00000007bb980000)
 ParOldGen       total 2194432K, used 913221K [0x00000005c0000000, 0x0000000645f00000, 0x0000000715580000)
  object space 2194432K, 41% used [0x00000005c0000000,0x00000005f7bd14d0,0x0000000645f00000)
 Metaspace       used 255153K, capacity 267840K, committed 268108K, reserved 1277952K
  class space    used 36413K, capacity 39750K, committed 39808K, reserved 1048576K
Event: 188.067 GC heap after
Heap after GC invocations=35 (full 5):
 PSYoungGen      total 1944064K, used 414154K [0x0000000715580000, 0x00000007c0000000, 0x00000007c0000000)
  eden space 1124352K, 0% used [0x0000000715580000,0x0000000715580000,0x0000000759f80000)
  from space 819712K, 50% used [0x0000000789900000,0x00000007a2d728e0,0x00000007bb980000)
  to   space 779776K, 0% used [0x0000000759f80000,0x0000000759f80000,0x0000000789900000)
 ParOldGen       total 2194432K, used 968235K [0x00000005c0000000, 0x0000000645f00000, 0x0000000715580000)
  object space 2194432K, 44% used [0x00000005c0000000,0x00000005fb18ac08,0x0000000645f00000)
 Metaspace       used 255153K, capacity 267840K, committed 268108K, reserved 1277952K
  class space    used 36413K, capacity 39750K, committed 39808K, reserved 1048576K
}
Event: 192.034 GC heap before
{Heap before GC invocations=36 (full 5):
 PSYoungGen      total 1944064K, used 1538506K [0x0000000715580000, 0x00000007c0000000, 0x00000007c0000000)
  eden space 1124352K, 100% used [0x0000000715580000,0x0000000759f80000,0x0000000759f80000)
  from space 819712K, 50% used [0x0000000789900000,0x00000007a2d728e0,0x00000007bb980000)
  to   space 779776K, 0% used [0x0000000759f80000,0x0000000759f80000,0x0000000789900000)
 ParOldGen       total 2194432K, used 968235K [0x00000005c0000000, 0x0000000645f00000, 0x0000000715580000)
  object space 2194432K, 44% used [0x00000005c0000000,0x00000005fb18ac08,0x0000000645f00000)
 Metaspace       used 259044K, capacity 271808K, committed 272204K, reserved 1282048K
  class space    used 36682K, capacity 40035K, committed 40064K, reserved 1048576K
Event: 192.344 GC heap after
Heap after GC invocations=36 (full 5):
 PSYoungGen      total 1904128K, used 379802K [0x0000000715580000, 0x00000007b9e00000, 0x00000007c0000000)
  eden space 1124352K, 0% used [0x0000000715580000,0x0000000715580000,0x0000000759f80000)
  from space 779776K, 48% used [0x0000000759f80000,0x0000000771266838,0x0000000789900000)
  to   space 749568K, 0% used [0x000000078c200000,0x000000078c200000,0x00000007b9e00000)
 ParOldGen       total 2194432K, used 1028412K [0x00000005c0000000, 0x0000000645f00000, 0x0000000715580000)
  object space 2194432K, 46% used [0x00000005c0000000,0x00000005fec4f0c8,0x0000000645f00000)
 Metaspace       used 259044K, capacity 271808K, committed 272204K, reserved 1282048K
  class space    used 36682K, capacity 40035K, committed 40064K, reserved 1048576K
}
Event: 193.643 GC heap before
{Heap before GC invocations=37 (full 5):
 PSYoungGen      total 1904128K, used 644208K [0x0000000715580000, 0x00000007b9e00000, 0x00000007c0000000)
  eden space 1124352K, 23% used [0x0000000715580000,0x00000007257b5848,0x0000000759f80000)
  from space 779776K, 48% used [0x0000000759f80000,0x0000000771266838,0x0000000789900000)
  to   space 749568K, 0% used [0x000000078c200000,0x000000078c200000,0x00000007b9e00000)
 ParOldGen       total 2194432K, used 1028412K [0x00000005c0000000, 0x0000000645f00000, 0x0000000715580000)
  object space 2194432K, 46% used [0x00000005c0000000,0x00000005fec4f0c8,0x0000000645f00000)
 Metaspace       used 260135K, capacity 272994K, committed 273280K, reserved 1282048K
  class space    used 36694K, capacity 40073K, committed 40192K, reserved 1048576K
Event: 193.971 GC heap after
Heap after GC invocations=37 (full 5):
 PSYoungGen      total 1951744K, used 244678K [0x0000000715580000, 0x00000007bd780000, 0x00000007c0000000)
  eden space 1202176K, 0% used [0x0000000715580000,0x0000000715580000,0x000000075eb80000)
  from space 749568K, 32% used [0x000000078c200000,0x000000079b0f1990,0x00000007b9e00000)
  to   space 743936K, 0% used [0x000000075eb80000,0x000000075eb80000,0x000000078c200000)
 ParOldGen       total 2194432K, used 1175207K [0x00000005c0000000, 0x0000000645f00000, 0x0000000715580000)
  object space 2194432K, 53% used [0x00000005c0000000,0x0000000607ba9c78,0x0000000645f00000)
 Metaspace       used 260135K, capacity 272994K, committed 273280K, reserved 1282048K
  class space    used 36694K, capacity 40073K, committed 40192K, reserved 1048576K
}
Event: 193.971 GC heap before
{Heap before GC invocations=38 (full 6):
 PSYoungGen      total 1951744K, used 244678K [0x0000000715580000, 0x00000007bd780000, 0x00000007c0000000)
  eden space 1202176K, 0% used [0x0000000715580000,0x0000000715580000,0x000000075eb80000)
  from space 749568K, 32% used [0x000000078c200000,0x000000079b0f1990,0x00000007b9e00000)
  to   space 743936K, 0% used [0x000000075eb80000,0x000000075eb80000,0x000000078c200000)
 ParOldGen       total 2194432K, used 1175207K [0x00000005c0000000, 0x0000000645f00000, 0x0000000715580000)
  object space 2194432K, 53% used [0x00000005c0000000,0x0000000607ba9c78,0x0000000645f00000)
 Metaspace       used 260135K, capacity 272994K, committed 273280K, reserved 1282048K
  class space    used 36694K, capacity 40073K, committed 40192K, reserved 1048576K
Event: 197.579 GC heap after
Heap after GC invocations=38 (full 6):
 PSYoungGen      total 1951744K, used 0K [0x0000000715580000, 0x00000007bd780000, 0x00000007c0000000)
  eden space 1202176K, 0% used [0x0000000715580000,0x0000000715580000,0x000000075eb80000)
  from space 749568K, 0% used [0x000000078c200000,0x000000078c200000,0x00000007b9e00000)
  to   space 743936K, 0% used [0x000000075eb80000,0x000000075eb80000,0x000000078c200000)
 ParOldGen       total 3168256K, used 1336326K [0x00000005c0000000, 0x0000000681600000, 0x0000000715580000)
  object space 3168256K, 42% used [0x00000005c0000000,0x0000000611901870,0x0000000681600000)
 Metaspace       used 260053K, capacity 272846K, committed 273280K, reserved 1282048K
  class space    used 36682K, capacity 40055K, committed 40192K, reserved 1048576K
}
Event: 202.221 GC heap before
{Heap before GC invocations=39 (full 6):
 PSYoungGen      total 1951744K, used 1202176K [0x0000000715580000, 0x00000007bd780000, 0x00000007c0000000)
  eden space 1202176K, 100% used [0x0000000715580000,0x000000075eb80000,0x000000075eb80000)
  from space 749568K, 0% used [0x000000078c200000,0x000000078c200000,0x00000007b9e00000)
  to   space 743936K, 0% used [0x000000075eb80000,0x000000075eb80000,0x000000078c200000)
 ParOldGen       total 3168256K, used 1336326K [0x00000005c0000000, 0x0000000681600000, 0x0000000715580000)
  object space 3168256K, 42% used [0x00000005c0000000,0x0000000611901870,0x0000000681600000)
 Metaspace       used 263084K, capacity 275958K, committed 276428K, reserved 1286144K
  class space    used 36701K, capacity 40070K, committed 40192K, reserved 1048576K
Event: 202.322 GC heap after
Heap after GC invocations=39 (full 6):
 PSYoungGen      total 1946112K, used 69109K [0x0000000715580000, 0x00000007c0000000, 0x00000007c0000000)
  eden space 1202176K, 0% used [0x0000000715580000,0x0000000715580000,0x000000075eb80000)
  from space 743936K, 9% used [0x000000075eb80000,0x0000000762efd4c8,0x000000078c200000)
  to   space 764928K, 0% used [0x0000000791500000,0x0000000791500000,0x00000007c0000000)
 ParOldGen       total 3168256K, used 1336326K [0x00000005c0000000, 0x0000000681600000, 0x0000000715580000)
  object space 3168256K, 42% used [0x00000005c0000000,0x0000000611901870,0x0000000681600000)
 Metaspace       used 263084K, capacity 275958K, committed 276428K, reserved 1286144K
  class space    used 36701K, capacity 40070K, committed 40192K, reserved 1048576K
}
Event: 209.548 GC heap before
{Heap before GC invocations=40 (full 6):
 PSYoungGen      total 1946112K, used 1271285K [0x0000000715580000, 0x00000007c0000000, 0x00000007c0000000)
  eden space 1202176K, 100% used [0x0000000715580000,0x000000075eb80000,0x000000075eb80000)
  from space 743936K, 9% used [0x000000075eb80000,0x0000000762efd4c8,0x000000078c200000)
  to   space 764928K, 0% used [0x0000000791500000,0x0000000791500000,0x00000007c0000000)
 ParOldGen       total 3168256K, used 1336326K [0x00000005c0000000, 0x0000000681600000, 0x0000000715580000)
  object space 3168256K, 42% used [0x00000005c0000000,0x0000000611901870,0x0000000681600000)
 Metaspace       used 275049K, capacity 288026K, committed 288460K, reserved 1298432K
  class space    used 36716K, capacity 40084K, committed 40192K, reserved 1048576K
Event: 209.680 GC heap after
Heap after GC invocations=40 (full 6):
 PSYoungGen      total 2020864K, used 96836K [0x0000000715580000, 0x00000007c0000000, 0x00000007c0000000)
  eden space 1255936K, 0% used [0x0000000715580000,0x0000000715580000,0x0000000762000000)
  from space 764928K, 12% used [0x0000000791500000,0x0000000797391028,0x00000007c0000000)
  to   space 770048K, 0% used [0x0000000762000000,0x0000000762000000,0x0000000791000000)
 ParOldGen       total 3168256K, used 1336334K [0x00000005c0000000, 0x0000000681600000, 0x0000000715580000)
  object space 3168256K, 42% used [0x00000005c0000000,0x0000000611903870,0x0000000681600000)
 Metaspace       used 275049K, capacity 288026K, committed 288460K, reserved 1298432K
  class space    used 36716K, capacity 40084K, committed 40192K, reserved 1048576K
}
Event: 214.050 GC heap before
{Heap before GC invocations=41 (full 6):
 PSYoungGen      total 2020864K, used 1352772K [0x0000000715580000, 0x00000007c0000000, 0x00000007c0000000)
  eden space 1255936K, 100% used [0x0000000715580000,0x0000000762000000,0x0000000762000000)
  from space 764928K, 12% used [0x0000000791500000,0x0000000797391028,0x00000007c0000000)
  to   space 770048K, 0% used [0x0000000762000000,0x0000000762000000,0x0000000791000000)
 ParOldGen       total 3168256K, used 1336334K [0x00000005c0000000, 0x0000000681600000, 0x0000000715580000)
  object space 3168256K, 42% used [0x00000005c0000000,0x0000000611903870,0x0000000681600000)
 Metaspace       used 279138K, capacity 292250K, committed 292812K, reserved 1302528K
  class space    used 36724K, capacity 40092K, committed 40192K, reserved 1048576K
Event: 214.200 GC heap after
Heap after GC invocations=41 (full 6):
 PSYoungGen      total 1410560K, used 154165K [0x0000000715580000, 0x00000007bed00000, 0x00000007c0000000)
  eden space 1255936K, 0% used [0x0000000715580000,0x0000000715580000,0x0000000762000000)
  from space 154624K, 99% used [0x0000000762000000,0x000000076b68d528,0x000000076b700000)
  to   space 757760K, 0% used [0x0000000790900000,0x0000000790900000,0x00000007bed00000)
 ParOldGen       total 3168256K, used 1336342K [0x00000005c0000000, 0x0000000681600000, 0x0000000715580000)
  object space 3168256K, 42% used [0x00000005c0000000,0x0000000611905870,0x0000000681600000)
 Metaspace       used 279138K, capacity 292250K, committed 292812K, reserved 1302528K
  class space    used 36724K, capacity 40092K, committed 40192K, reserved 1048576K
}
Event: 218.940 GC heap before
{Heap before GC invocations=42 (full 6):
 PSYoungGen      total 1410560K, used 1410101K [0x0000000715580000, 0x00000007bed00000, 0x00000007c0000000)
  eden space 1255936K, 100% used [0x0000000715580000,0x0000000762000000,0x0000000762000000)
  from space 154624K, 99% used [0x0000000762000000,0x000000076b68d528,0x000000076b700000)
  to   space 757760K, 0% used [0x0000000790900000,0x0000000790900000,0x00000007bed00000)
 ParOldGen       total 3168256K, used 1336342K [0x00000005c0000000, 0x0000000681600000, 0x0000000715580000)
  object space 3168256K, 42% used [0x00000005c0000000,0x0000000611905870,0x0000000681600000)
 Metaspace       used 287056K, capacity 300326K, committed 300748K, reserved 1310720K
  class space    used 36734K, capacity 40104K, committed 40192K, reserved 1048576K
Event: 219.110 GC heap after
Heap after GC invocations=42 (full 6):
 PSYoungGen      total 2040832K, used 189055K [0x0000000715580000, 0x00000007c0000000, 0x00000007c0000000)
  eden space 1283072K, 0% used [0x0000000715580000,0x0000000715580000,0x0000000763a80000)
  from space 757760K, 24% used [0x0000000790900000,0x000000079c19ff18,0x00000007bed00000)
  to   space 735744K, 0% used [0x0000000763a80000,0x0000000763a80000,0x0000000790900000)
 ParOldGen       total 3168256K, used 1336350K [0x00000005c0000000, 0x0000000681600000, 0x0000000715580000)
  object space 3168256K, 42% used [0x00000005c0000000,0x0000000611907870,0x0000000681600000)
 Metaspace       used 287056K, capacity 300326K, committed 300748K, reserved 1310720K
  class space    used 36734K, capacity 40104K, committed 40192K, reserved 1048576K
}
Event: 223.656 GC heap before
{Heap before GC invocations=43 (full 6):
 PSYoungGen      total 2040832K, used 1472127K [0x0000000715580000, 0x00000007c0000000, 0x00000007c0000000)
  eden space 1283072K, 100% used [0x0000000715580000,0x0000000763a80000,0x0000000763a80000)
  from space 757760K, 24% used [0x0000000790900000,0x000000079c19ff18,0x00000007bed00000)
  to   space 735744K, 0% used [0x0000000763a80000,0x0000000763a80000,0x0000000790900000)
 ParOldGen       total 3168256K, used 1336350K [0x00000005c0000000, 0x0000000681600000, 0x0000000715580000)
  object space 3168256K, 42% used [0x00000005c0000000,0x0000000611907870,0x0000000681600000)
 Metaspace       used 291201K, capacity 304610K, committed 305100K, reserved 1314816K
  class space    used 36747K, capacity 40124K, committed 40192K, reserved 1048576K
Event: 223.887 GC heap after
Heap after GC invocations=43 (full 6):
 PSYoungGen      total 1532928K, used 249412K [0x0000000715580000, 0x00000007ba880000, 0x00000007c0000000)
  eden space 1283072K, 0% used [0x0000000715580000,0x0000000715580000,0x0000000763a80000)
  from space 249856K, 99% used [0x0000000763a80000,0x0000000772e11158,0x0000000772e80000)
  to   space 701952K, 0% used [0x000000078fb00000,0x000000078fb00000,0x00000007ba880000)
 ParOldGen       total 3168256K, used 1336358K [0x00000005c0000000, 0x0000000681600000, 0x0000000715580000)
  object space 3168256K, 42% used [0x00000005c0000000,0x0000000611909870,0x0000000681600000)
 Metaspace       used 291201K, capacity 304610K, committed 305100K, reserved 1314816K
  class space    used 36747K, capacity 40124K, committed 40192K, reserved 1048576K
}
Event: 227.836 GC heap before
{Heap before GC invocations=44 (full 6):
 PSYoungGen      total 1532928K, used 1532484K [0x0000000715580000, 0x00000007ba880000, 0x00000007c0000000)
  eden space 1283072K, 100% used [0x0000000715580000,0x0000000763a80000,0x0000000763a80000)
  from space 249856K, 99% used [0x0000000763a80000,0x0000000772e11158,0x0000000772e80000)
  to   space 701952K, 0% used [0x000000078fb00000,0x000000078fb00000,0x00000007ba880000)
 ParOldGen       total 3168256K, used 1336358K [0x00000005c0000000, 0x0000000681600000, 0x0000000715580000)
  object space 3168256K, 42% used [0x00000005c0000000,0x0000000611909870,0x0000000681600000)
 Metaspace       used 299127K, capacity 312748K, committed 313292K, reserved 1323008K
  class space    used 36757K, capacity 40135K, committed 40192K, reserved 1048576K
Event: 228.117 GC heap after
Heap after GC invocations=44 (full 6):
 PSYoungGen      total 2040832K, used 276310K [0x0000000715580000, 0x00000007bd400000, 0x00000007c0000000)
  eden space 1338880K, 0% used [0x0000000715580000,0x0000000715580000,0x0000000767100000)
  from space 701952K, 39% used [0x000000078fb00000,0x00000007a08d5b68,0x00000007ba880000)
  to   space 665600K, 0% used [0x0000000767100000,0x0000000767100000,0x000000078fb00000)
 ParOldGen       total 3168256K, used 1336366K [0x00000005c0000000, 0x0000000681600000, 0x0000000715580000)
  object space 3168256K, 42% used [0x00000005c0000000,0x000000061190b870,0x0000000681600000)
 Metaspace       used 299127K, capacity 312748K, committed 313292K, reserved 1323008K
  class space    used 36757K, capacity 40135K, committed 40192K, reserved 1048576K
}
Event: 232.036 GC heap before
{Heap before GC invocations=45 (full 6):
 PSYoungGen      total 2040832K, used 1615190K [0x0000000715580000, 0x00000007bd400000, 0x00000007c0000000)
  eden space 1338880K, 100% used [0x0000000715580000,0x0000000767100000,0x0000000767100000)
  from space 701952K, 39% used [0x000000078fb00000,0x00000007a08d5b68,0x00000007ba880000)
  to   space 665600K, 0% used [0x0000000767100000,0x0000000767100000,0x000000078fb00000)
 ParOldGen       total 3168256K, used 1336366K [0x00000005c0000000, 0x0000000681600000, 0x0000000715580000)
  object space 3168256K, 42% used [0x00000005c0000000,0x000000061190b870,0x0000000681600000)
 Metaspace       used 301247K, capacity 314870K, committed 315340K, reserved 1325056K
  class space    used 36764K, capacity 40141K, committed 40192K, reserved 1048576K
Event: 232.359 GC heap after
Heap after GC invocations=45 (full 6):
 PSYoungGen      total 2004480K, used 333804K [0x0000000715580000, 0x00000007baf80000, 0x00000007c0000000)
  eden space 1338880K, 0% used [0x0000000715580000,0x0000000715580000,0x0000000767100000)
  from space 665600K, 50% used [0x0000000767100000,0x000000077b6fb2d8,0x000000078fb00000)
  to   space 642560K, 0% used [0x0000000793c00000,0x0000000793c00000,0x00000007baf80000)
 ParOldGen       total 3168256K, used 1336374K [0x00000005c0000000, 0x0000000681600000, 0x0000000715580000)
  object space 3168256K, 42% used [0x00000005c0000000,0x000000061190d870,0x0000000681600000)
 Metaspace       used 301247K, capacity 314870K, committed 315340K, reserved 1325056K
  class space    used 36764K, capacity 40141K, committed 40192K, reserved 1048576K
}
Event: 236.503 GC heap before
{Heap before GC invocations=46 (full 6):
 PSYoungGen      total 2004480K, used 1672684K [0x0000000715580000, 0x00000007baf80000, 0x00000007c0000000)
  eden space 1338880K, 100% used [0x0000000715580000,0x0000000767100000,0x0000000767100000)
  from space 665600K, 50% used [0x0000000767100000,0x000000077b6fb2d8,0x000000078fb00000)
  to   space 642560K, 0% used [0x0000000793c00000,0x0000000793c00000,0x00000007baf80000)
 ParOldGen       total 3168256K, used 1336374K [0x00000005c0000000, 0x0000000681600000, 0x0000000715580000)
  object space 3168256K, 42% used [0x00000005c0000000,0x000000061190d870,0x0000000681600000)
 Metaspace       used 307255K, capacity 321036K, committed 321484K, reserved 1331200K
  class space    used 36770K, capacity 40147K, committed 40192K, reserved 1048576K
Event: 236.807 GC heap after
Heap after GC invocations=46 (full 6):
 PSYoungGen      total 2084352K, used 357149K [0x0000000715580000, 0x00000007bcf00000, 0x00000007c0000000)
  eden space 1441792K, 0% used [0x0000000715580000,0x0000000715580000,0x000000076d580000)
  from space 642560K, 55% used [0x0000000793c00000,0x00000007a98c7730,0x00000007baf80000)
  to   space 629248K, 0% used [0x000000076d580000,0x000000076d580000,0x0000000793c00000)
 ParOldGen       total 3168256K, used 1336374K [0x00000005c0000000, 0x0000000681600000, 0x0000000715580000)
  object space 3168256K, 42% used [0x00000005c0000000,0x000000061190d870,0x0000000681600000)
 Metaspace       used 307255K, capacity 321036K, committed 321484K, reserved 1331200K
  class space    used 36770K, capacity 40147K, committed 40192K, reserved 1048576K
}
Event: 240.383 GC heap before
{Heap before GC invocations=47 (full 6):
 PSYoungGen      total 2084352K, used 1798941K [0x0000000715580000, 0x00000007bcf00000, 0x00000007c0000000)
  eden space 1441792K, 100% used [0x0000000715580000,0x000000076d580000,0x000000076d580000)
  from space 642560K, 55% used [0x0000000793c00000,0x00000007a98c7730,0x00000007baf80000)
  to   space 629248K, 0% used [0x000000076d580000,0x000000076d580000,0x0000000793c00000)
 ParOldGen       total 3168256K, used 1336374K [0x00000005c0000000, 0x0000000681600000, 0x0000000715580000)
  object space 3168256K, 42% used [0x00000005c0000000,0x000000061190d870,0x0000000681600000)
 Metaspace       used 314241K, capacity 328264K, committed 328908K, reserved 1337344K
  class space    used 36788K, capacity 40155K, committed 40192K, reserved 1048576K
Event: 240.681 GC heap after
Heap after GC invocations=47 (full 6):
 PSYoungGen      total 2071040K, used 417109K [0x0000000715580000, 0x00000007c0000000, 0x00000007c0000000)
  eden space 1441792K, 0% used [0x0000000715580000,0x0000000715580000,0x000000076d580000)
  from space 629248K, 66% used [0x000000076d580000,0x0000000786cd5698,0x0000000793c00000)
  to   space 637952K, 0% used [0x0000000799100000,0x0000000799100000,0x00000007c0000000)
 ParOldGen       total 3168256K, used 1336382K [0x00000005c0000000, 0x0000000681600000, 0x0000000715580000)
  object space 3168256K, 42% used [0x00000005c0000000,0x000000061190f870,0x0000000681600000)
 Metaspace       used 314241K, capacity 328264K, committed 328908K, reserved 1337344K
  class space    used 36788K, capacity 40155K, committed 40192K, reserved 1048576K
}
Event: 247.149 GC heap before
{Heap before GC invocations=48 (full 6):
 PSYoungGen      total 2071040K, used 1858901K [0x0000000715580000, 0x00000007c0000000, 0x00000007c0000000)
  eden space 1441792K, 100% used [0x0000000715580000,0x000000076d580000,0x000000076d580000)
  from space 629248K, 66% used [0x000000076d580000,0x0000000786cd5698,0x0000000793c00000)
  to   space 637952K, 0% used [0x0000000799100000,0x0000000799100000,0x00000007c0000000)
 ParOldGen       total 3168256K, used 1336382K [0x00000005c0000000, 0x0000000681600000, 0x0000000715580000)
  object space 3168256K, 42% used [0x00000005c0000000,0x000000061190f870,0x0000000681600000)
 Metaspace       used 320183K, capacity 334322K, committed 335180K, reserved 1343488K
  class space    used 36799K, capacity 40193K, committed 40320K, reserved 1048576K
Event: 247.477 GC heap after
Heap after GC invocations=48 (full 6):
 PSYoungGen      total 2129408K, used 443605K [0x0000000715580000, 0x00000007c0000000, 0x00000007c0000000)
  eden space 1491456K, 0% used [0x0000000715580000,0x0000000715580000,0x0000000770600000)
  from space 637952K, 69% used [0x0000000799100000,0x00000007b42354a0,0x00000007c0000000)
  to   space 652288K, 0% used [0x0000000770600000,0x0000000770600000,0x0000000798300000)
 ParOldGen       total 3168256K, used 1336390K [0x00000005c0000000, 0x0000000681600000, 0x0000000715580000)
  object space 3168256K, 42% used [0x00000005c0000000,0x0000000611911870,0x0000000681600000)
 Metaspace       used 320183K, capacity 334322K, committed 335180K, reserved 1343488K
  class space    used 36799K, capacity 40193K, committed 40320K, reserved 1048576K
}
Event: 250.626 GC heap before
{Heap before GC invocations=49 (full 6):
 PSYoungGen      total 2129408K, used 1935061K [0x0000000715580000, 0x00000007c0000000, 0x00000007c0000000)
  eden space 1491456K, 100% used [0x0000000715580000,0x0000000770600000,0x0000000770600000)
  from space 637952K, 69% used [0x0000000799100000,0x00000007b42354a0,0x00000007c0000000)
  to   space 652288K, 0% used [0x0000000770600000,0x0000000770600000,0x0000000798300000)
 ParOldGen       total 3168256K, used 1336390K [0x00000005c0000000, 0x0000000681600000, 0x0000000715580000)
  object space 3168256K, 42% used [0x00000005c0000000,0x0000000611911870,0x0000000681600000)
 Metaspace       used 324171K, capacity 338406K, committed 339276K, reserved 1347584K
  class space    used 36821K, capacity 40199K, committed 40320K, reserved 1048576K
Event: 250.956 GC heap after
Heap after GC invocations=49 (full 6):
 PSYoungGen      total 1993728K, used 502255K [0x0000000715580000, 0x00000007c0000000, 0x00000007c0000000)
  eden space 1491456K, 0% used [0x0000000715580000,0x0000000715580000,0x0000000770600000)
  from space 502272K, 99% used [0x0000000770600000,0x000000078f07bd38,0x000000078f080000)
  to   space 684032K, 0% used [0x0000000796400000,0x0000000796400000,0x00000007c0000000)
 ParOldGen       total 3168256K, used 1336390K [0x00000005c0000000, 0x0000000681600000, 0x0000000715580000)
  object space 3168256K, 42% used [0x00000005c0000000,0x0000000611911870,0x0000000681600000)
 Metaspace       used 324171K, capacity 338406K, committed 339276K, reserved 1347584K
  class space    used 36821K, capacity 40199K, committed 40320K, reserved 1048576K
}
Event: 255.235 GC heap before
{Heap before GC invocations=50 (full 6):
 PSYoungGen      total 1993728K, used 1993711K [0x0000000715580000, 0x00000007c0000000, 0x00000007c0000000)
  eden space 1491456K, 100% used [0x0000000715580000,0x0000000770600000,0x0000000770600000)
  from space 502272K, 99% used [0x0000000770600000,0x000000078f07bd38,0x000000078f080000)
  to   space 684032K, 0% used [0x0000000796400000,0x0000000796400000,0x00000007c0000000)
 ParOldGen       total 3168256K, used 1336390K [0x00000005c0000000, 0x0000000681600000, 0x0000000715580000)
  object space 3168256K, 42% used [0x00000005c0000000,0x0000000611911870,0x0000000681600000)
 Metaspace       used 332123K, capacity 346526K, committed 347468K, reserved 1355776K
  class space    used 36829K, capacity 40207K, committed 40320K, reserved 1048576K
Event: 255.641 GC heap after
Heap after GC invocations=50 (full 6):
 PSYoungGen      total 2045440K, used 528226K [0x0000000715580000, 0x00000007c0000000, 0x00000007c0000000)
  eden space 1361408K, 0% used [0x0000000715580000,0x0000000715580000,0x0000000768700000)
  from space 684032K, 77% used [0x0000000796400000,0x00000007b67d8a40,0x00000007c0000000)
  to   space 717312K, 0% used [0x0000000768700000,0x0000000768700000,0x0000000794380000)
 ParOldGen       total 3168256K, used 1336398K [0x00000005c0000000, 0x0000000681600000, 0x0000000715580000)
  object space 3168256K, 42% used [0x00000005c0000000,0x0000000611913870,0x0000000681600000)
 Metaspace       used 332123K, capacity 346526K, committed 347468K, reserved 1355776K
  class space    used 36829K, capacity 40207K, committed 40320K, reserved 1048576K
}
Event: 258.869 GC heap before
{Heap before GC invocations=51 (full 6):
 PSYoungGen      total 2045440K, used 1889634K [0x0000000715580000, 0x00000007c0000000, 0x00000007c0000000)
  eden space 1361408K, 100% used [0x0000000715580000,0x0000000768700000,0x0000000768700000)
  from space 684032K, 77% used [0x0000000796400000,0x00000007b67d8a40,0x00000007c0000000)
  to   space 717312K, 0% used [0x0000000768700000,0x0000000768700000,0x0000000794380000)
 ParOldGen       total 3168256K, used 1336398K [0x00000005c0000000, 0x0000000681600000, 0x0000000715580000)
  object space 3168256K, 42% used [0x00000005c0000000,0x0000000611913870,0x0000000681600000)
 Metaspace       used 340806K, capacity 355400K, committed 356428K, reserved 1366016K
  class space    used 36839K, capacity 40217K, committed 40320K, reserved 1048576K
Event: 259.317 GC heap after
Heap after GC invocations=51 (full 6):
 PSYoungGen      total 1938944K, used 577165K [0x0000000715580000, 0x00000007c0000000, 0x00000007c0000000)
  eden space 1361408K, 0% used [0x0000000715580000,0x0000000715580000,0x0000000768700000)
  from space 577536K, 99% used [0x0000000768700000,0x000000078baa34f8,0x000000078bb00000)
  to   space 760320K, 0% used [0x0000000791980000,0x0000000791980000,0x00000007c0000000)
 ParOldGen       total 3168256K, used 1336398K [0x00000005c0000000, 0x0000000681600000, 0x0000000715580000)
  object space 3168256K, 42% used [0x00000005c0000000,0x0000000611913870,0x0000000681600000)
 Metaspace       used 340806K, capacity 355400K, committed 356428K, reserved 1366016K
  class space    used 36839K, capacity 40217K, committed 40320K, reserved 1048576K
}
Event: 268.487 GC heap before
{Heap before GC invocations=52 (full 6):
 PSYoungGen      total 1938944K, used 1938573K [0x0000000715580000, 0x00000007c0000000, 0x00000007c0000000)
  eden space 1361408K, 100% used [0x0000000715580000,0x0000000768700000,0x0000000768700000)
  from space 577536K, 99% used [0x0000000768700000,0x000000078baa34f8,0x000000078bb00000)
  to   space 760320K, 0% used [0x0000000791980000,0x0000000791980000,0x00000007c0000000)
 ParOldGen       total 3168256K, used 1336398K [0x00000005c0000000, 0x0000000681600000, 0x0000000715580000)
  object space 3168256K, 42% used [0x00000005c0000000,0x0000000611913870,0x0000000681600000)
 Metaspace       used 343910K, capacity 358516K, committed 359756K, reserved 1368064K
  class space    used 37103K, capacity 40507K, committed 40576K, reserved 1048576K
Event: 268.962 GC heap after
Heap after GC invocations=52 (full 6):
 PSYoungGen      total 1949696K, used 603948K [0x0000000715580000, 0x00000007c0000000, 0x00000007c0000000)
  eden space 1189376K, 0% used [0x0000000715580000,0x0000000715580000,0x000000075df00000)
  from space 760320K, 79% used [0x0000000791980000,0x00000007b674b150,0x00000007c0000000)
  to   space 803328K, 0% used [0x000000075df00000,0x000000075df00000,0x000000078ef80000)
 ParOldGen       total 3168256K, used 1336406K [0x00000005c0000000, 0x0000000681600000, 0x0000000715580000)
  object space 3168256K, 42% used [0x00000005c0000000,0x0000000611915870,0x0000000681600000)
 Metaspace       used 343910K, capacity 358516K, committed 359756K, reserved 1368064K
  class space    used 37103K, capacity 40507K, committed 40576K, reserved 1048576K
}
Event: 272.494 GC heap before
{Heap before GC invocations=53 (full 6):
 PSYoungGen      total 1949696K, used 1793324K [0x0000000715580000, 0x00000007c0000000, 0x00000007c0000000)
  eden space 1189376K, 100% used [0x0000000715580000,0x000000075df00000,0x000000075df00000)
  from space 760320K, 79% used [0x0000000791980000,0x00000007b674b150,0x00000007c0000000)
  to   space 803328K, 0% used [0x000000075df00000,0x000000075df00000,0x000000078ef80000)
 ParOldGen       total 3168256K, used 1336406K [0x00000005c0000000, 0x0000000681600000, 0x0000000715580000)
  object space 3168256K, 42% used [0x00000005c0000000,0x0000000611915870,0x0000000681600000)
 Metaspace       used 345172K, capacity 359818K, committed 360908K, reserved 1370112K
  class space    used 37213K, capacity 40612K, committed 40704K, reserved 1048576K
Event: 272.966 GC heap after
Heap after GC invocations=53 (full 6):
 PSYoungGen      total 1802752K, used 613121K [0x0000000715580000, 0x00000007c0000000, 0x00000007c0000000)
  eden space 1189376K, 0% used [0x0000000715580000,0x0000000715580000,0x000000075df00000)
  from space 613376K, 99% used [0x000000075df00000,0x00000007835c05f8,0x0000000783600000)
  to   space 839680K, 0% used [0x000000078cc00000,0x000000078cc00000,0x00000007c0000000)
 ParOldGen       total 3168256K, used 1336414K [0x00000005c0000000, 0x0000000681600000, 0x0000000715580000)
  object space 3168256K, 42% used [0x00000005c0000000,0x0000000611917870,0x0000000681600000)
 Metaspace       used 345172K, capacity 359818K, committed 360908K, reserved 1370112K
  class space    used 37213K, capacity 40612K, committed 40704K, reserved 1048576K
}
Event: 275.794 GC heap before
{Heap before GC invocations=54 (full 6):
 PSYoungGen      total 1802752K, used 1802497K [0x0000000715580000, 0x00000007c0000000, 0x00000007c0000000)
  eden space 1189376K, 100% used [0x0000000715580000,0x000000075df00000,0x000000075df00000)
  from space 613376K, 99% used [0x000000075df00000,0x00000007835c05f8,0x0000000783600000)
  to   space 839680K, 0% used [0x000000078cc00000,0x000000078cc00000,0x00000007c0000000)
 ParOldGen       total 3168256K, used 1336414K [0x00000005c0000000, 0x0000000681600000, 0x0000000715580000)
  object space 3168256K, 42% used [0x00000005c0000000,0x0000000611917870,0x0000000681600000)
 Metaspace       used 345526K, capacity 360238K, committed 361420K, reserved 1370112K
  class space    used 37218K, capacity 40618K, committed 40704K, reserved 1048576K
Event: 276.251 GC heap after
Heap after GC invocations=54 (full 6):
 PSYoungGen      total 1935872K, used 566916K [0x0000000715580000, 0x00000007c0000000, 0x00000007c0000000)
  eden space 1096192K, 0% used [0x0000000715580000,0x0000000715580000,0x0000000758400000)
  from space 839680K, 67% used [0x000000078cc00000,0x00000007af5a1028,0x00000007c0000000)
  to   space 849920K, 0% used [0x0000000758400000,0x0000000758400000,0x000000078c200000)
 ParOldGen       total 3168256K, used 1391211K [0x00000005c0000000, 0x0000000681600000, 0x0000000715580000)
  object space 3168256K, 43% used [0x00000005c0000000,0x0000000614e9aca0,0x0000000681600000)
 Metaspace       used 345526K, capacity 360238K, committed 361420K, reserved 1370112K
  class space    used 37218K, capacity 40618K, committed 40704K, reserved 1048576K
}
Event: 278.506 GC heap before
{Heap before GC invocations=55 (full 6):
 PSYoungGen      total 1935872K, used 1663108K [0x0000000715580000, 0x00000007c0000000, 0x00000007c0000000)
  eden space 1096192K, 100% used [0x0000000715580000,0x0000000758400000,0x0000000758400000)
  from space 839680K, 67% used [0x000000078cc00000,0x00000007af5a1028,0x00000007c0000000)
  to   space 849920K, 0% used [0x0000000758400000,0x0000000758400000,0x000000078c200000)
 ParOldGen       total 3168256K, used 1391211K [0x00000005c0000000, 0x0000000681600000, 0x0000000715580000)
  object space 3168256K, 43% used [0x00000005c0000000,0x0000000614e9aca0,0x0000000681600000)
 Metaspace       used 345770K, capacity 360480K, committed 361676K, reserved 1370112K
  class space    used 37238K, capacity 40653K, committed 40704K, reserved 1048576K
Event: 278.955 GC heap after
Heap after GC invocations=55 (full 6):
 PSYoungGen      total 1602560K, used 506007K [0x0000000715580000, 0x00000007be800000, 0x00000007c0000000)
  eden space 1096192K, 0% used [0x0000000715580000,0x0000000715580000,0x0000000758400000)
  from space 506368K, 99% used [0x0000000758400000,0x0000000777225dc0,0x0000000777280000)
  to   space 832512K, 0% used [0x000000078bb00000,0x000000078bb00000,0x00000007be800000)
 ParOldGen       total 3168256K, used 1463207K [0x00000005c0000000, 0x0000000681600000, 0x0000000715580000)
  object space 3168256K, 46% used [0x00000005c0000000,0x00000006194e9db0,0x0000000681600000)
 Metaspace       used 345770K, capacity 360480K, committed 361676K, reserved 1370112K
  class space    used 37238K, capacity 40653K, committed 40704K, reserved 1048576K
}
Event: 281.427 GC heap before
{Heap before GC invocations=56 (full 6):
 PSYoungGen      total 1602560K, used 1602199K [0x0000000715580000, 0x00000007be800000, 0x00000007c0000000)
  eden space 1096192K, 100% used [0x0000000715580000,0x0000000758400000,0x0000000758400000)
  from space 506368K, 99% used [0x0000000758400000,0x0000000777225dc0,0x0000000777280000)
  to   space 832512K, 0% used [0x000000078bb00000,0x000000078bb00000,0x00000007be800000)
 ParOldGen       total 3168256K, used 1463207K [0x00000005c0000000, 0x0000000681600000, 0x0000000715580000)
  object space 3168256K, 46% used [0x00000005c0000000,0x00000006194e9db0,0x0000000681600000)
 Metaspace       used 345931K, capacity 360608K, committed 361676K, reserved 1370112K
  class space    used 37240K, capacity 40653K, committed 40704K, reserved 1048576K
Event: 281.743 GC heap after
Heap after GC invocations=56 (full 6):
 PSYoungGen      total 1973248K, used 425919K [0x0000000715580000, 0x00000007c0000000, 0x00000007c0000000)
  eden space 1140736K, 0% used [0x0000000715580000,0x0000000715580000,0x000000075af80000)
  from space 832512K, 51% used [0x000000078bb00000,0x00000007a5aefeb8,0x00000007be800000)
  to   space 798208K, 0% used [0x000000075af80000,0x000000075af80000,0x000000078bb00000)
 ParOldGen       total 3168256K, used 1551233K [0x00000005c0000000, 0x0000000681600000, 0x0000000715580000)
  object space 3168256K, 48% used [0x00000005c0000000,0x000000061eae0428,0x0000000681600000)
 Metaspace       used 345931K, capacity 360608K, committed 361676K, reserved 1370112K
  class space    used 37240K, capacity 40653K, committed 40704K, reserved 1048576K
}
Event: 285.190 GC heap before
{Heap before GC invocations=57 (full 6):
 PSYoungGen      total 1973248K, used 1566655K [0x0000000715580000, 0x00000007c0000000, 0x00000007c0000000)
  eden space 1140736K, 100% used [0x0000000715580000,0x000000075af80000,0x000000075af80000)
  from space 832512K, 51% used [0x000000078bb00000,0x00000007a5aefeb8,0x00000007be800000)
  to   space 798208K, 0% used [0x000000075af80000,0x000000075af80000,0x000000078bb00000)
 ParOldGen       total 3168256K, used 1551233K [0x00000005c0000000, 0x0000000681600000, 0x0000000715580000)
  object space 3168256K, 48% used [0x00000005c0000000,0x000000061eae0428,0x0000000681600000)
 Metaspace       used 346182K, capacity 360836K, committed 361932K, reserved 1370112K
  class space    used 37253K, capacity 40659K, committed 40704K, reserved 1048576K
Event: 285.537 GC heap after
Heap after GC invocations=57 (full 6):
 PSYoungGen      total 1938944K, used 373062K [0x0000000715580000, 0x00000007bb280000, 0x00000007c0000000)
  eden space 1140736K, 0% used [0x0000000715580000,0x0000000715580000,0x000000075af80000)
  from space 798208K, 46% used [0x000000075af80000,0x0000000771bd1940,0x000000078bb00000)
  to   space 775680K, 0% used [0x000000078bd00000,0x000000078bd00000,0x00000007bb280000)
 ParOldGen       total 3168256K, used 1631479K [0x00000005c0000000, 0x0000000681600000, 0x0000000715580000)
  object space 3168256K, 51% used [0x00000005c0000000,0x000000062393dff8,0x0000000681600000)
 Metaspace       used 346182K, capacity 360836K, committed 361932K, reserved 1370112K
  class space    used 37253K, capacity 40659K, committed 40704K, reserved 1048576K
}
Event: 287.900 GC heap before
{Heap before GC invocations=58 (full 6):
 PSYoungGen      total 1938944K, used 1513798K [0x0000000715580000, 0x00000007bb280000, 0x00000007c0000000)
  eden space 1140736K, 100% used [0x0000000715580000,0x000000075af80000,0x000000075af80000)
  from space 798208K, 46% used [0x000000075af80000,0x0000000771bd1940,0x000000078bb00000)
  to   space 775680K, 0% used [0x000000078bd00000,0x000000078bd00000,0x00000007bb280000)
 ParOldGen       total 3168256K, used 1631479K [0x00000005c0000000, 0x0000000681600000, 0x0000000715580000)
  object space 3168256K, 51% used [0x00000005c0000000,0x000000062393dff8,0x0000000681600000)
 Metaspace       used 346304K, capacity 360964K, committed 361932K, reserved 1370112K
  class space    used 37254K, capacity 40659K, committed 40704K, reserved 1048576K
Event: 288.143 GC heap after
Heap after GC invocations=58 (full 6):
 PSYoungGen      total 1953792K, used 315002K [0x0000000715580000, 0x00000007bd100000, 0x00000007c0000000)
  eden space 1178112K, 0% used [0x0000000715580000,0x0000000715580000,0x000000075d400000)
  from space 775680K, 40% used [0x000000078bd00000,0x000000079f09ebf8,0x00000007bb280000)
  to   space 762880K, 0% used [0x000000075d400000,0x000000075d400000,0x000000078bd00000)
 ParOldGen       total 3168256K, used 1705674K [0x00000005c0000000, 0x0000000681600000, 0x0000000715580000)
  object space 3168256K, 53% used [0x00000005c0000000,0x00000006281b29c0,0x0000000681600000)
 Metaspace       used 346304K, capacity 360964K, committed 361932K, reserved 1370112K
  class space    used 37254K, capacity 40659K, committed 40704K, reserved 1048576K
}
Event: 290.615 GC heap before
{Heap before GC invocations=59 (full 6):
 PSYoungGen      total 1953792K, used 1493114K [0x0000000715580000, 0x00000007bd100000, 0x00000007c0000000)
  eden space 1178112K, 100% used [0x0000000715580000,0x000000075d400000,0x000000075d400000)
  from space 775680K, 40% used [0x000000078bd00000,0x000000079f09ebf8,0x00000007bb280000)
  to   space 762880K, 0% used [0x000000075d400000,0x000000075d400000,0x000000078bd00000)
 ParOldGen       total 3168256K, used 1705674K [0x00000005c0000000, 0x0000000681600000, 0x0000000715580000)
  object space 3168256K, 53% used [0x00000005c0000000,0x00000006281b29c0,0x0000000681600000)
 Metaspace       used 346418K, capacity 361092K, committed 362188K, reserved 1370112K
  class space    used 37256K, capacity 40659K, committed 40704K, reserved 1048576K
Event: 290.936 GC heap after
Heap after GC invocations=59 (full 6):
 PSYoungGen      total 1940992K, used 339184K [0x0000000715580000, 0x00000007bcf80000, 0x00000007c0000000)
  eden space 1178112K, 0% used [0x0000000715580000,0x0000000715580000,0x000000075d400000)
  from space 762880K, 44% used [0x000000075d400000,0x0000000771f3c168,0x000000078bd00000)
  to   space 744448K, 0% used [0x000000078f880000,0x000000078f880000,0x00000007bcf80000)
 ParOldGen       total 3168256K, used 1790811K [0x00000005c0000000, 0x0000000681600000, 0x0000000715580000)
  object space 3168256K, 56% used [0x00000005c0000000,0x000000062d4d6ef8,0x0000000681600000)
 Metaspace       used 346418K, capacity 361092K, committed 362188K, reserved 1370112K
  class space    used 37256K, capacity 40659K, committed 40704K, reserved 1048576K
}
Event: 292.518 GC heap before
{Heap before GC invocations=60 (full 6):
 PSYoungGen      total 1940992K, used 1517296K [0x0000000715580000, 0x00000007bcf80000, 0x00000007c0000000)
  eden space 1178112K, 100% used [0x0000000715580000,0x000000075d400000,0x000000075d400000)
  from space 762880K, 44% used [0x000000075d400000,0x0000000771f3c168,0x000000078bd00000)
  to   space 744448K, 0% used [0x000000078f880000,0x000000078f880000,0x00000007bcf80000)
 ParOldGen       total 3168256K, used 1790811K [0x00000005c0000000, 0x0000000681600000, 0x0000000715580000)
  object space 3168256K, 56% used [0x00000005c0000000,0x000000062d4d6ef8,0x0000000681600000)
 Metaspace       used 346419K, capacity 361092K, committed 362188K, reserved 1370112K
  class space    used 37256K, capacity 40659K, committed 40704K, reserved 1048576K
Event: 292.752 GC heap after
Heap after GC invocations=60 (full 6):
 PSYoungGen      total 2013696K, used 341594K [0x0000000715580000, 0x00000007bc800000, 0x00000007c0000000)
  eden space 1276928K, 0% used [0x0000000715580000,0x0000000715580000,0x0000000763480000)
  from space 736768K, 46% used [0x000000078f880000,0x00000007a4616a18,0x00000007bc800000)
  to   space 724992K, 0% used [0x0000000763480000,0x0000000763480000,0x000000078f880000)
 ParOldGen       total 3168256K, used 1861812K [0x00000005c0000000, 0x0000000681600000, 0x0000000715580000)
  object space 3168256K, 58% used [0x00000005c0000000,0x0000000631a2d0b8,0x0000000681600000)
 Metaspace       used 346419K, capacity 361092K, committed 362188K, reserved 1370112K
  class space    used 37256K, capacity 40659K, committed 40704K, reserved 1048576K
}
Event: 294.561 GC heap before
{Heap before GC invocations=61 (full 6):
 PSYoungGen      total 2013696K, used 1618522K [0x0000000715580000, 0x00000007bc800000, 0x00000007c0000000)
  eden space 1276928K, 100% used [0x0000000715580000,0x0000000763480000,0x0000000763480000)
  from space 736768K, 46% used [0x000000078f880000,0x00000007a4616a18,0x00000007bc800000)
  to   space 724992K, 0% used [0x0000000763480000,0x0000000763480000,0x000000078f880000)
 ParOldGen       total 3168256K, used 1861812K [0x00000005c0000000, 0x0000000681600000, 0x0000000715580000)
  object space 3168256K, 58% used [0x00000005c0000000,0x0000000631a2d0b8,0x0000000681600000)
 Metaspace       used 346419K, capacity 361092K, committed 362188K, reserved 1370112K
  class space    used 37256K, capacity 40659K, committed 40704K, reserved 1048576K
Event: 294.773 GC heap after
Heap after GC invocations=61 (full 6):
 PSYoungGen      total 2001920K, used 315225K [0x0000000715580000, 0x00000007bd680000, 0x00000007c0000000)
  eden space 1276928K, 0% used [0x0000000715580000,0x0000000715580000,0x0000000763480000)
  from space 724992K, 43% used [0x0000000763480000,0x00000007768565f8,0x000000078f880000)
  to   space 709632K, 0% used [0x0000000792180000,0x0000000792180000,0x00000007bd680000)
 ParOldGen       total 3168256K, used 1912901K [0x00000005c0000000, 0x0000000681600000, 0x0000000715580000)
  object space 3168256K, 60% used [0x00000005c0000000,0x0000000634c11618,0x0000000681600000)
 Metaspace       used 346419K, capacity 361092K, committed 362188K, reserved 1370112K
  class space    used 37256K, capacity 40659K, committed 40704K, reserved 1048576K
}
Event: 296.540 GC heap before
{Heap before GC invocations=62 (full 6):
 PSYoungGen      total 2001920K, used 1592153K [0x0000000715580000, 0x00000007bd680000, 0x00000007c0000000)
  eden space 1276928K, 100% used [0x0000000715580000,0x0000000763480000,0x0000000763480000)
  from space 724992K, 43% used [0x0000000763480000,0x00000007768565f8,0x000000078f880000)
  to   space 709632K, 0% used [0x0000000792180000,0x0000000792180000,0x00000007bd680000)
 ParOldGen       total 3168256K, used 1912901K [0x00000005c0000000, 0x0000000681600000, 0x0000000715580000)
  object space 3168256K, 60% used [0x00000005c0000000,0x0000000634c11618,0x0000000681600000)
 Metaspace       used 346420K, capacity 361092K, committed 362188K, reserved 1370112K
  class space    used 37256K, capacity 40659K, committed 40704K, reserved 1048576K
Event: 296.712 GC heap after
Heap after GC invocations=62 (full 6):
 PSYoungGen      total 2052608K, used 270957K [0x0000000715580000, 0x00000007be000000, 0x00000007c0000000)
  eden space 1342976K, 0% used [0x0000000715580000,0x0000000715580000,0x0000000767500000)
  from space 709632K, 38% used [0x0000000792180000,0x00000007a2a1b618,0x00000007bd680000)
  to   space 700928K, 0% used [0x0000000767500000,0x0000000767500000,0x0000000792180000)
 ParOldGen       total 3168256K, used 1950749K [0x00000005c0000000, 0x0000000681600000, 0x0000000715580000)
  object space 3168256K, 61% used [0x00000005c0000000,0x0000000637107618,0x0000000681600000)
 Metaspace       used 346420K, capacity 361092K, committed 362188K, reserved 1370112K
  class space    used 37256K, capacity 40659K, committed 40704K, reserved 1048576K
}
Event: 298.500 GC heap before
{Heap before GC invocations=63 (full 6):
 PSYoungGen      total 2052608K, used 1613933K [0x0000000715580000, 0x00000007be000000, 0x00000007c0000000)
  eden space 1342976K, 100% used [0x0000000715580000,0x0000000767500000,0x0000000767500000)
  from space 709632K, 38% used [0x0000000792180000,0x00000007a2a1b618,0x00000007bd680000)
  to   space 700928K, 0% used [0x0000000767500000,0x0000000767500000,0x0000000792180000)
 ParOldGen       total 3168256K, used 1950749K [0x00000005c0000000, 0x0000000681600000, 0x0000000715580000)
  object space 3168256K, 61% used [0x00000005c0000000,0x0000000637107618,0x0000000681600000)
 Metaspace       used 346421K, capacity 361092K, committed 362188K, reserved 1370112K
  class space    used 37256K, capacity 40659K, committed 40704K, reserved 1048576K
Event: 298.632 GC heap after
Heap after GC invocations=63 (full 6):
 PSYoungGen      total 2043904K, used 239325K [0x0000000715580000, 0x00000007beb80000, 0x00000007c0000000)
  eden space 1342976K, 0% used [0x0000000715580000,0x0000000715580000,0x0000000767500000)
  from space 700928K, 34% used [0x0000000767500000,0x0000000775eb75c0,0x0000000792180000)
  to   space 694784K, 0% used [0x0000000794500000,0x0000000794500000,0x00000007beb80000)
 ParOldGen       total 3168256K, used 1998155K [0x00000005c0000000, 0x0000000681600000, 0x0000000715580000)
  object space 3168256K, 63% used [0x00000005c0000000,0x0000000639f52e70,0x0000000681600000)
 Metaspace       used 346421K, capacity 361092K, committed 362188K, reserved 1370112K
  class space    used 37256K, capacity 40659K, committed 40704K, reserved 1048576K
}
Event: 300.383 GC heap before
{Heap before GC invocations=64 (full 6):
 PSYoungGen      total 2043904K, used 1582301K [0x0000000715580000, 0x00000007beb80000, 0x00000007c0000000)
  eden space 1342976K, 100% used [0x0000000715580000,0x0000000767500000,0x0000000767500000)
  from space 700928K, 34% used [0x0000000767500000,0x0000000775eb75c0,0x0000000792180000)
  to   space 694784K, 0% used [0x0000000794500000,0x0000000794500000,0x00000007beb80000)
 ParOldGen       total 3168256K, used 1998155K [0x00000005c0000000, 0x0000000681600000, 0x0000000715580000)
  object space 3168256K, 63% used [0x00000005c0000000,0x0000000639f52e70,0x0000000681600000)
 Metaspace       used 346421K, capacity 361092K, committed 362188K, reserved 1370112K
  class space    used 37256K, capacity 40659K, committed 40704K, reserved 1048576K
Event: 300.489 GC heap after
Heap after GC invocations=64 (full 6):
 PSYoungGen      total 2084864K, used 211781K [0x0000000715580000, 0x00000007bf100000, 0x00000007c0000000)
  eden space 1390080K, 0% used [0x0000000715580000,0x0000000715580000,0x000000076a300000)
  from space 694784K, 30% used [0x0000000794500000,0x00000007a13d1698,0x00000007beb80000)
  to   space 690176K, 0% used [0x000000076a300000,0x000000076a300000,0x0000000794500000)
 ParOldGen       total 3168256K, used 2026936K [0x00000005c0000000, 0x0000000681600000, 0x0000000715580000)
  object space 3168256K, 63% used [0x00000005c0000000,0x000000063bb6e0b0,0x0000000681600000)
 Metaspace       used 346421K, capacity 361092K, committed 362188K, reserved 1370112K
  class space    used 37256K, capacity 40659K, committed 40704K, reserved 1048576K
}
Event: 302.337 GC heap before
{Heap before GC invocations=65 (full 6):
 PSYoungGen      total 2084864K, used 1601861K [0x0000000715580000, 0x00000007bf100000, 0x00000007c0000000)
  eden space 1390080K, 100% used [0x0000000715580000,0x000000076a300000,0x000000076a300000)
  from space 694784K, 30% used [0x0000000794500000,0x00000007a13d1698,0x00000007beb80000)
  to   space 690176K, 0% used [0x000000076a300000,0x000000076a300000,0x0000000794500000)
 ParOldGen       total 3168256K, used 2026936K [0x00000005c0000000, 0x0000000681600000, 0x0000000715580000)
  object space 3168256K, 63% used [0x00000005c0000000,0x000000063bb6e0b0,0x0000000681600000)
 Metaspace       used 346422K, capacity 361092K, committed 362188K, reserved 1370112K
  class space    used 37256K, capacity 40659K, committed 40704K, reserved 1048576K
Event: 302.423 GC heap after
Heap after GC invocations=65 (full 6):
 PSYoungGen      total 2080256K, used 213991K [0x0000000715580000, 0x00000007be980000, 0x00000007c0000000)
  eden space 1390080K, 0% used [0x0000000715580000,0x0000000715580000,0x000000076a300000)
  from space 690176K, 31% used [0x000000076a300000,0x00000007773f9c80,0x0000000794500000)
  to   space 680960K, 0% used [0x0000000795080000,0x0000000795080000,0x00000007be980000)
 ParOldGen       total 3168256K, used 2030480K [0x00000005c0000000, 0x0000000681600000, 0x0000000715580000)
  object space 3168256K, 64% used [0x00000005c0000000,0x000000063bee40b0,0x0000000681600000)
 Metaspace       used 346422K, capacity 361092K, committed 362188K, reserved 1370112K
  class space    used 37256K, capacity 40659K, committed 40704K, reserved 1048576K
}
Event: 304.242 GC heap before
{Heap before GC invocations=66 (full 6):
 PSYoungGen      total 2080256K, used 1604071K [0x0000000715580000, 0x00000007be980000, 0x00000007c0000000)
  eden space 1390080K, 100% used [0x0000000715580000,0x000000076a300000,0x000000076a300000)
  from space 690176K, 31% used [0x000000076a300000,0x00000007773f9c80,0x0000000794500000)
  to   space 680960K, 0% used [0x0000000795080000,0x0000000795080000,0x00000007be980000)
 ParOldGen       total 3168256K, used 2030480K [0x00000005c0000000, 0x0000000681600000, 0x0000000715580000)
  object space 3168256K, 64% used [0x00000005c0000000,0x000000063bee40b0,0x0000000681600000)
 Metaspace       used 346422K, capacity 361092K, committed 362188K, reserved 1370112K
  class space    used 37256K, capacity 40659K, committed 40704K, reserved 1048576K
Event: 304.336 GC heap after
Heap after GC invocations=66 (full 6):
 PSYoungGen      total 2092032K, used 224429K [0x0000000715580000, 0x00000007bdc00000, 0x00000007c0000000)
  eden space 1424896K, 0% used [0x0000000715580000,0x0000000715580000,0x000000076c500000)
  from space 667136K, 33% used [0x0000000795080000,0x00000007a2bab5d0,0x00000007bdc00000)
  to   space 667136K, 0% used [0x000000076c500000,0x000000076c500000,0x0000000795080000)
 ParOldGen       total 3168256K, used 2033752K [0x00000005c0000000, 0x0000000681600000, 0x0000000715580000)
  object space 3168256K, 64% used [0x00000005c0000000,0x000000063c2160b0,0x0000000681600000)
 Metaspace       used 346422K, capacity 361092K, committed 362188K, reserved 1370112K
  class space    used 37256K, capacity 40659K, committed 40704K, reserved 1048576K
}
Event: 307.493 GC heap before
{Heap before GC invocations=67 (full 6):
 PSYoungGen      total 2092032K, used 1649325K [0x0000000715580000, 0x00000007bdc00000, 0x00000007c0000000)
  eden space 1424896K, 100% used [0x0000000715580000,0x000000076c500000,0x000000076c500000)
  from space 667136K, 33% used [0x0000000795080000,0x00000007a2bab5d0,0x00000007bdc00000)
  to   space 667136K, 0% used [0x000000076c500000,0x000000076c500000,0x0000000795080000)
 ParOldGen       total 3168256K, used 2033752K [0x00000005c0000000, 0x0000000681600000, 0x0000000715580000)
  object space 3168256K, 64% used [0x00000005c0000000,0x000000063c2160b0,0x0000000681600000)
 Metaspace       used 347394K, capacity 362230K, committed 363084K, reserved 1372160K
  class space    used 37350K, capacity 40790K, committed 40832K, reserved 1048576K
Event: 307.554 GC heap after
Heap after GC invocations=67 (full 6):
 PSYoungGen      total 2092032K, used 81135K [0x0000000715580000, 0x00000007c0000000, 0x00000007c0000000)
  eden space 1424896K, 0% used [0x0000000715580000,0x0000000715580000,0x000000076c500000)
  from space 667136K, 12% used [0x000000076c500000,0x000000077143bf40,0x0000000795080000)
  to   space 676352K, 0% used [0x0000000796b80000,0x0000000796b80000,0x00000007c0000000)
 ParOldGen       total 3168256K, used 2033760K [0x00000005c0000000, 0x0000000681600000, 0x0000000715580000)
  object space 3168256K, 64% used [0x00000005c0000000,0x000000063c2180b0,0x0000000681600000)
 Metaspace       used 347394K, capacity 362230K, committed 363084K, reserved 1372160K
  class space    used 37350K, capacity 40790K, committed 40832K, reserved 1048576K
}
Event: 312.008 GC heap before
{Heap before GC invocations=68 (full 6):
 PSYoungGen      total 2092032K, used 1506031K [0x0000000715580000, 0x00000007c0000000, 0x00000007c0000000)
  eden space 1424896K, 100% used [0x0000000715580000,0x000000076c500000,0x000000076c500000)
  from space 667136K, 12% used [0x000000076c500000,0x000000077143bf40,0x0000000795080000)
  to   space 676352K, 0% used [0x0000000796b80000,0x0000000796b80000,0x00000007c0000000)
 ParOldGen       total 3168256K, used 2033760K [0x00000005c0000000, 0x0000000681600000, 0x0000000715580000)
  object space 3168256K, 64% used [0x00000005c0000000,0x000000063c2180b0,0x0000000681600000)
 Metaspace       used 347891K, capacity 362710K, committed 363596K, reserved 1372160K
  class space    used 37405K, capacity 40822K, committed 40832K, reserved 1048576K
Event: 312.217 GC heap after
Heap after GC invocations=68 (full 6):
 PSYoungGen      total 2117632K, used 81457K [0x0000000715580000, 0x00000007c0000000, 0x00000007c0000000)
  eden space 1441280K, 0% used [0x0000000715580000,0x0000000715580000,0x000000076d500000)
  from space 676352K, 12% used [0x0000000796b80000,0x000000079bb0c4d8,0x00000007c0000000)
  to   space 677376K, 0% used [0x000000076d500000,0x000000076d500000,0x0000000796a80000)
 ParOldGen       total 3168256K, used 2033760K [0x00000005c0000000, 0x0000000681600000, 0x0000000715580000)
  object space 3168256K, 64% used [0x00000005c0000000,0x000000063c2180b0,0x0000000681600000)
 Metaspace       used 347891K, capacity 362710K, committed 363596K, reserved 1372160K
  class space    used 37405K, capacity 40822K, committed 40832K, reserved 1048576K
}
Event: 314.769 GC heap before
{Heap before GC invocations=69 (full 6):
 PSYoungGen      total 2117632K, used 1522737K [0x0000000715580000, 0x00000007c0000000, 0x00000007c0000000)
  eden space 1441280K, 100% used [0x0000000715580000,0x000000076d500000,0x000000076d500000)
  from space 676352K, 12% used [0x0000000796b80000,0x000000079bb0c4d8,0x00000007c0000000)
  to   space 677376K, 0% used [0x000000076d500000,0x000000076d500000,0x0000000796a80000)
 ParOldGen       total 3168256K, used 2033760K [0x00000005c0000000, 0x0000000681600000, 0x0000000715580000)
  object space 3168256K, 64% used [0x00000005c0000000,0x000000063c2180b0,0x0000000681600000)
 Metaspace       used 348191K, capacity 362998K, committed 363980K, reserved 1372160K
  class space    used 37437K, capacity 40854K, committed 40960K, reserved 1048576K
Event: 315.125 GC heap after
Heap after GC invocations=69 (full 6):
 PSYoungGen      total 1683968K, used 242182K [0x0000000715580000, 0x00000007bc200000, 0x00000007c0000000)
  eden space 1441280K, 0% used [0x0000000715580000,0x0000000715580000,0x000000076d500000)
  from space 242688K, 99% used [0x000000076d500000,0x000000077c181bd8,0x000000077c200000)
  to   space 645120K, 0% used [0x0000000794c00000,0x0000000794c00000,0x00000007bc200000)
 ParOldGen       total 3168256K, used 2033768K [0x00000005c0000000, 0x0000000681600000, 0x0000000715580000)
  object space 3168256K, 64% used [0x00000005c0000000,0x000000063c21a0b0,0x0000000681600000)
 Metaspace       used 348191K, capacity 362998K, committed 363980K, reserved 1372160K
  class space    used 37437K, capacity 40854K, committed 40960K, reserved 1048576K
}
Event: 317.531 GC heap before
{Heap before GC invocations=70 (full 6):
 PSYoungGen      total 1683968K, used 1683462K [0x0000000715580000, 0x00000007bc200000, 0x00000007c0000000)
  eden space 1441280K, 100% used [0x0000000715580000,0x000000076d500000,0x000000076d500000)
  from space 242688K, 99% used [0x000000076d500000,0x000000077c181bd8,0x000000077c200000)
  to   space 645120K, 0% used [0x0000000794c00000,0x0000000794c00000,0x00000007bc200000)
 ParOldGen       total 3168256K, used 2033768K [0x00000005c0000000, 0x0000000681600000, 0x0000000715580000)
  object space 3168256K, 64% used [0x00000005c0000000,0x000000063c21a0b0,0x0000000681600000)
 Metaspace       used 348335K, capacity 363158K, committed 364236K, reserved 1372160K
  class space    used 37451K, capacity 40886K, committed 40960K, reserved 1048576K
Event: 317.921 GC heap after
Heap after GC invocations=70 (full 6):
 PSYoungGen      total 2096640K, used 354105K [0x0000000715580000, 0x00000007c0000000, 0x00000007c0000000)
  eden space 1451520K, 0% used [0x0000000715580000,0x0000000715580000,0x000000076df00000)
  from space 645120K, 54% used [0x0000000794c00000,0x00000007aa5ce6f0,0x00000007bc200000)
  to   space 635904K, 0% used [0x000000076df00000,0x000000076df00000,0x0000000794c00000)
 ParOldGen       total 3168256K, used 2033776K [0x00000005c0000000, 0x0000000681600000, 0x0000000715580000)
  object space 3168256K, 64% used [0x00000005c0000000,0x000000063c21c0b0,0x0000000681600000)
 Metaspace       used 348335K, capacity 363158K, committed 364236K, reserved 1372160K
  class space    used 37451K, capacity 40886K, committed 40960K, reserved 1048576K
}
Event: 321.885 GC heap before
{Heap before GC invocations=71 (full 6):
 PSYoungGen      total 2096640K, used 1805625K [0x0000000715580000, 0x00000007c0000000, 0x00000007c0000000)
  eden space 1451520K, 100% used [0x0000000715580000,0x000000076df00000,0x000000076df00000)
  from space 645120K, 54% used [0x0000000794c00000,0x00000007aa5ce6f0,0x00000007bc200000)
  to   space 635904K, 0% used [0x000000076df00000,0x000000076df00000,0x0000000794c00000)
 ParOldGen       total 3168256K, used 2033776K [0x00000005c0000000, 0x0000000681600000, 0x0000000715580000)
  object space 3168256K, 64% used [0x00000005c0000000,0x000000063c21c0b0,0x0000000681600000)
 Metaspace       used 348694K, capacity 363574K, committed 364492K, reserved 1372160K
  class space    used 37497K, capacity 40918K, committed 40960K, reserved 1048576K
Event: 322.275 GC heap after
Heap after GC invocations=71 (full 6):
 PSYoungGen      total 2087424K, used 376699K [0x0000000715580000, 0x00000007bf400000, 0x00000007c0000000)
  eden space 1451520K, 0% used [0x0000000715580000,0x0000000715580000,0x000000076df00000)
  from space 635904K, 59% used [0x000000076df00000,0x0000000784edef58,0x0000000794c00000)
  to   space 634368K, 0% used [0x0000000798880000,0x0000000798880000,0x00000007bf400000)
 ParOldGen       total 3168256K, used 2037656K [0x00000005c0000000, 0x0000000681600000, 0x0000000715580000)
  object space 3168256K, 64% used [0x00000005c0000000,0x000000063c5e60e0,0x0000000681600000)
 Metaspace       used 348694K, capacity 363574K, committed 364492K, reserved 1372160K
  class space    used 37497K, capacity 40918K, committed 40960K, reserved 1048576K
}
Event: 323.741 GC heap before
{Heap before GC invocations=72 (full 6):
 PSYoungGen      total 2087424K, used 1828219K [0x0000000715580000, 0x00000007bf400000, 0x00000007c0000000)
  eden space 1451520K, 100% used [0x0000000715580000,0x000000076df00000,0x000000076df00000)
  from space 635904K, 59% used [0x000000076df00000,0x0000000784edef58,0x0000000794c00000)
  to   space 634368K, 0% used [0x0000000798880000,0x0000000798880000,0x00000007bf400000)
 ParOldGen       total 3168256K, used 2037656K [0x00000005c0000000, 0x0000000681600000, 0x0000000715580000)
  object space 3168256K, 64% used [0x00000005c0000000,0x000000063c5e60e0,0x0000000681600000)
 Metaspace       used 348694K, capacity 363574K, committed 364492K, reserved 1372160K
  class space    used 37497K, capacity 40918K, committed 40960K, reserved 1048576K
Event: 324.065 GC heap after
Heap after GC invocations=72 (full 6):
 PSYoungGen      total 2151424K, used 381922K [0x0000000715580000, 0x00000007bfa80000, 0x00000007c0000000)
  eden space 1517056K, 0% used [0x0000000715580000,0x0000000715580000,0x0000000771f00000)
  from space 634368K, 60% used [0x0000000798880000,0x00000007afd788c8,0x00000007bf400000)
  to   space 632320K, 0% used [0x0000000771f00000,0x0000000771f00000,0x0000000798880000)
 ParOldGen       total 3168256K, used 2042000K [0x00000005c0000000, 0x0000000681600000, 0x0000000715580000)
  object space 3168256K, 64% used [0x00000005c0000000,0x000000063ca24180,0x0000000681600000)
 Metaspace       used 348694K, capacity 363574K, committed 364492K, reserved 1372160K
  class space    used 37497K, capacity 40918K, committed 40960K, reserved 1048576K
}
Event: 326.650 GC heap before
{Heap before GC invocations=73 (full 6):
 PSYoungGen      total 2151424K, used 1898978K [0x0000000715580000, 0x00000007bfa80000, 0x00000007c0000000)
  eden space 1517056K, 100% used [0x0000000715580000,0x0000000771f00000,0x0000000771f00000)
  from space 634368K, 60% used [0x0000000798880000,0x00000007afd788c8,0x00000007bf400000)
  to   space 632320K, 0% used [0x0000000771f00000,0x0000000771f00000,0x0000000798880000)
 ParOldGen       total 3168256K, used 2042000K [0x00000005c0000000, 0x0000000681600000, 0x0000000715580000)
  object space 3168256K, 64% used [0x00000005c0000000,0x000000063ca24180,0x0000000681600000)
 Metaspace       used 348855K, capacity 363740K, committed 364748K, reserved 1374208K
  class space    used 37517K, capacity 40951K, committed 40960K, reserved 1048576K
Event: 327.151 GC heap after
Heap after GC invocations=73 (full 6):
 PSYoungGen      total 2016768K, used 499582K [0x0000000715580000, 0x00000007c0000000, 0x00000007c0000000)
  eden space 1517056K, 0% used [0x0000000715580000,0x0000000715580000,0x0000000771f00000)
  from space 499712K, 99% used [0x0000000771f00000,0x00000007906dfb88,0x0000000790700000)
  to   space 671744K, 0% used [0x0000000797000000,0x0000000797000000,0x00000007c0000000)
 ParOldGen       total 3168256K, used 2050248K [0x00000005c0000000, 0x0000000681600000, 0x0000000715580000)
  object space 3168256K, 64% used [0x00000005c0000000,0x000000063d232240,0x0000000681600000)
 Metaspace       used 348855K, capacity 363740K, committed 364748K, reserved 1374208K
  class space    used 37517K, capacity 40951K, committed 40960K, reserved 1048576K
}
Event: 328.747 GC heap before
{Heap before GC invocations=74 (full 6):
 PSYoungGen      total 2016768K, used 2016638K [0x0000000715580000, 0x00000007c0000000, 0x00000007c0000000)
  eden space 1517056K, 100% used [0x0000000715580000,0x0000000771f00000,0x0000000771f00000)
  from space 499712K, 99% used [0x0000000771f00000,0x00000007906dfb88,0x0000000790700000)
  to   space 671744K, 0% used [0x0000000797000000,0x0000000797000000,0x00000007c0000000)
 ParOldGen       total 3168256K, used 2050248K [0x00000005c0000000, 0x0000000681600000, 0x0000000715580000)
  object space 3168256K, 64% used [0x00000005c0000000,0x000000063d232240,0x0000000681600000)
 Metaspace       used 348855K, capacity 363740K, committed 364748K, reserved 1374208K
  class space    used 37517K, capacity 40951K, committed 40960K, reserved 1048576K
Event: 329.337 GC heap after
Heap after GC invocations=74 (full 6):
 PSYoungGen      total 1923584K, used 671739K [0x0000000715580000, 0x00000007c0000000, 0x00000007c0000000)
  eden space 1251840K, 0% used [0x0000000715580000,0x0000000715580000,0x0000000761c00000)
  from space 671744K, 99% used [0x0000000797000000,0x00000007bfffefb8,0x00000007c0000000)
  to   space 772096K, 0% used [0x0000000761c00000,0x0000000761c00000,0x0000000790e00000)
 ParOldGen       total 3168256K, used 2067706K [0x00000005c0000000, 0x0000000681600000, 0x0000000715580000)
  object space 3168256K, 65% used [0x00000005c0000000,0x000000063e33e870,0x0000000681600000)
 Metaspace       used 348855K, capacity 363740K, committed 364748K, reserved 1374208K
  class space    used 37517K, capacity 40951K, committed 40960K, reserved 1048576K
}
Event: 330.662 GC heap before
{Heap before GC invocations=75 (full 6):
 PSYoungGen      total 1923584K, used 1923579K [0x0000000715580000, 0x00000007c0000000, 0x00000007c0000000)
  eden space 1251840K, 100% used [0x0000000715580000,0x0000000761c00000,0x0000000761c00000)
  from space 671744K, 99% used [0x0000000797000000,0x00000007bfffefb8,0x00000007c0000000)
  to   space 772096K, 0% used [0x0000000761c00000,0x0000000761c00000,0x0000000790e00000)
 ParOldGen       total 3168256K, used 2067706K [0x00000005c0000000, 0x0000000681600000, 0x0000000715580000)
  object space 3168256K, 65% used [0x00000005c0000000,0x000000063e33e870,0x0000000681600000)
 Metaspace       used 348855K, capacity 363740K, committed 364748K, reserved 1374208K
  class space    used 37517K, capacity 40951K, committed 40960K, reserved 1048576K
Event: 331.354 GC heap after
Heap after GC invocations=75 (full 6):
 PSYoungGen      total 1909760K, used 657521K [0x0000000715580000, 0x00000007c0000000, 0x00000007c0000000)
  eden space 1251840K, 0% used [0x0000000715580000,0x0000000715580000,0x0000000761c00000)
  from space 657920K, 99% used [0x0000000761c00000,0x0000000789e1c738,0x0000000789e80000)
  to   space 841216K, 0% used [0x000000078ca80000,0x000000078ca80000,0x00000007c0000000)
 ParOldGen       total 3168256K, used 2258519K [0x00000005c0000000, 0x0000000681600000, 0x0000000715580000)
  object space 3168256K, 71% used [0x00000005c0000000,0x0000000649d95f50,0x0000000681600000)
 Metaspace       used 348855K, capacity 363740K, committed 364748K, reserved 1374208K
  class space    used 37517K, capacity 40951K, committed 40960K, reserved 1048576K
}
Event: 334.331 GC heap before
{Heap before GC invocations=76 (full 6):
 PSYoungGen      total 1909760K, used 1909361K [0x0000000715580000, 0x00000007c0000000, 0x00000007c0000000)
  eden space 1251840K, 100% used [0x0000000715580000,0x0000000761c00000,0x0000000761c00000)
  from space 657920K, 99% used [0x0000000761c00000,0x0000000789e1c738,0x0000000789e80000)
  to   space 841216K, 0% used [0x000000078ca80000,0x000000078ca80000,0x00000007c0000000)
 ParOldGen       total 3168256K, used 2258519K [0x00000005c0000000, 0x0000000681600000, 0x0000000715580000)
  object space 3168256K, 71% used [0x00000005c0000000,0x0000000649d95f50,0x0000000681600000)
 Metaspace       used 349437K, capacity 364284K, committed 365388K, reserved 1374208K
  class space    used 37554K, capacity 40983K, committed 41088K, reserved 1048576K
Event: 335.306 GC heap after
Heap after GC invocations=76 (full 6):
 PSYoungGen      total 1773568K, used 825097K [0x0000000715580000, 0x00000007c0000000, 0x00000007c0000000)
  eden space 932352K, 0% used [0x0000000715580000,0x0000000715580000,0x000000074e400000)
  from space 841216K, 98% used [0x000000078ca80000,0x00000007bf042700,0x00000007c0000000)
  to   space 931840K, 0% used [0x000000074e400000,0x000000074e400000,0x0000000787200000)
 ParOldGen       total 3168256K, used 2408302K [0x00000005c0000000, 0x0000000681600000, 0x0000000715580000)
  object space 3168256K, 76% used [0x00000005c0000000,0x0000000652fdbb90,0x0000000681600000)
 Metaspace       used 349437K, capacity 364284K, committed 365388K, reserved 1374208K
  class space    used 37554K, capacity 40983K, committed 41088K, reserved 1048576K
}
Event: 338.913 GC heap before
{Heap before GC invocations=77 (full 6):
 PSYoungGen      total 1773568K, used 1748540K [0x0000000715580000, 0x00000007c0000000, 0x00000007c0000000)
  eden space 932352K, 99% used [0x0000000715580000,0x000000074db4ca40,0x000000074e400000)
  from space 841216K, 98% used [0x000000078ca80000,0x00000007bf042700,0x00000007c0000000)
  to   space 931840K, 0% used [0x000000074e400000,0x000000074e400000,0x0000000787200000)
 ParOldGen       total 3168256K, used 2408302K [0x00000005c0000000, 0x0000000681600000, 0x0000000715580000)
  object space 3168256K, 76% used [0x00000005c0000000,0x0000000652fdbb90,0x0000000681600000)
 Metaspace       used 349618K, capacity 364476K, committed 365388K, reserved 1374208K
  class space    used 37567K, capacity 40983K, committed 41088K, reserved 1048576K
Event: 340.106 GC heap after
Heap after GC invocations=77 (full 6):
 PSYoungGen      total 1864192K, used 836837K [0x0000000715580000, 0x00000007c0000000, 0x00000007c0000000)
  eden space 932352K, 0% used [0x0000000715580000,0x0000000715580000,0x000000074e400000)
  from space 931840K, 89% used [0x000000074e400000,0x0000000781539720,0x0000000787200000)
  to   space 931840K, 0% used [0x0000000787200000,0x0000000787200000,0x00000007c0000000)
 ParOldGen       total 3168256K, used 2535931K [0x00000005c0000000, 0x0000000681600000, 0x0000000715580000)
  object space 3168256K, 80% used [0x00000005c0000000,0x000000065ac7ec08,0x0000000681600000)
 Metaspace       used 349618K, capacity 364476K, committed 365388K, reserved 1374208K
  class space    used 37567K, capacity 40983K, committed 41088K, reserved 1048576K
}
Event: 341.966 GC heap before
{Heap before GC invocations=78 (full 6):
 PSYoungGen      total 1864192K, used 1698563K [0x0000000715580000, 0x00000007c0000000, 0x00000007c0000000)
  eden space 932352K, 92% used [0x0000000715580000,0x0000000749f07690,0x000000074e400000)
  from space 931840K, 89% used [0x000000074e400000,0x0000000781539720,0x0000000787200000)
  to   space 931840K, 0% used [0x0000000787200000,0x0000000787200000,0x00000007c0000000)
 ParOldGen       total 3168256K, used 2535931K [0x00000005c0000000, 0x0000000681600000, 0x0000000715580000)
  object space 3168256K, 80% used [0x00000005c0000000,0x000000065ac7ec08,0x0000000681600000)
 Metaspace       used 349638K, capacity 364476K, committed 365388K, reserved 1374208K
  class space    used 37569K, capacity 40983K, committed 41088K, reserved 1048576K
Event: 343.338 GC heap after
Heap after GC invocations=78 (full 6):
 PSYoungGen      total 1864192K, used 696294K [0x0000000715580000, 0x00000007c0000000, 0x00000007c0000000)
  eden space 932352K, 0% used [0x0000000715580000,0x0000000715580000,0x000000074e400000)
  from space 931840K, 74% used [0x0000000787200000,0x00000007b19f9810,0x00000007c0000000)
  to   space 931840K, 0% used [0x000000074e400000,0x000000074e400000,0x0000000787200000)
 ParOldGen       total 3168256K, used 2906722K [0x00000005c0000000, 0x0000000681600000, 0x0000000715580000)
  object space 3168256K, 91% used [0x00000005c0000000,0x0000000671698838,0x0000000681600000)
 Metaspace       used 349638K, capacity 364476K, committed 365388K, reserved 1374208K
  class space    used 37569K, capacity 40983K, committed 41088K, reserved 1048576K
}
Event: 343.338 GC heap before
{Heap before GC invocations=79 (full 7):
 PSYoungGen      total 1864192K, used 696294K [0x0000000715580000, 0x00000007c0000000, 0x00000007c0000000)
  eden space 932352K, 0% used [0x0000000715580000,0x0000000715580000,0x000000074e400000)
  from space 931840K, 74% used [0x0000000787200000,0x00000007b19f9810,0x00000007c0000000)
  to   space 931840K, 0% used [0x000000074e400000,0x000000074e400000,0x0000000787200000)
 ParOldGen       total 3168256K, used 2906722K [0x00000005c0000000, 0x0000000681600000, 0x0000000715580000)
  object space 3168256K, 91% used [0x00000005c0000000,0x0000000671698838,0x0000000681600000)
 Metaspace       used 349638K, capacity 364476K, committed 365388K, reserved 1374208K
  class space    used 37569K, capacity 40983K, committed 41088K, reserved 1048576K
Event: 355.215 GC heap after
Heap after GC invocations=79 (full 7):
 PSYoungGen      total 1864192K, used 134888K [0x0000000715580000, 0x00000007c0000000, 0x00000007c0000000)
  eden space 932352K, 0% used [0x0000000715580000,0x0000000715580000,0x000000074e400000)
  from space 931840K, 14% used [0x0000000787200000,0x000000078f5ba3a0,0x00000007c0000000)
  to   space 931840K, 0% used [0x000000074e400000,0x000000074e400000,0x0000000787200000)
 ParOldGen       total 5234176K, used 3168107K [0x00000005c0000000, 0x00000006ff780000, 0x0000000715580000)
  object space 5234176K, 60% used [0x00000005c0000000,0x00000006815dafc0,0x00000006ff780000)
 Metaspace       used 268267K, capacity 281410K, committed 338764K, reserved 1347584K
  class space    used 37493K, capacity 40897K, committed 41088K, reserved 1048576K
}
Event: 356.568 GC heap before
{Heap before GC invocations=80 (full 7):
 PSYoungGen      total 1864192K, used 1042964K [0x0000000715580000, 0x00000007c0000000, 0x00000007c0000000)
  eden space 932352K, 97% used [0x0000000715580000,0x000000074cc4aee0,0x000000074e400000)
  from space 931840K, 14% used [0x0000000787200000,0x000000078f5ba3a0,0x00000007c0000000)
  to   space 931840K, 0% used [0x000000074e400000,0x000000074e400000,0x0000000787200000)
 ParOldGen       total 5234176K, used 3168107K [0x00000005c0000000, 0x00000006ff780000, 0x0000000715580000)
  object space 5234176K, 60% used [0x00000005c0000000,0x00000006815dafc0,0x00000006ff780000)
 Metaspace       used 268342K, capacity 281506K, committed 338764K, reserved 1347584K
  class space    used 37499K, capacity 40929K, committed 41088K, reserved 1048576K
Event: 357.203 GC heap after
Heap after GC invocations=80 (full 7):
 PSYoungGen      total 1864192K, used 621011K [0x0000000715580000, 0x00000007c0000000, 0x00000007c0000000)
  eden space 932352K, 0% used [0x0000000715580000,0x0000000715580000,0x000000074e400000)
  from space 931840K, 66% used [0x000000074e400000,0x0000000774274f20,0x0000000787200000)
  to   space 931840K, 0% used [0x0000000787200000,0x0000000787200000,0x00000007c0000000)
 ParOldGen       total 5234176K, used 3237044K [0x00000005c0000000, 0x00000006ff780000, 0x0000000715580000)
  object space 5234176K, 61% used [0x00000005c0000000,0x000000068592d010,0x00000006ff780000)
 Metaspace       used 268342K, capacity 281506K, committed 338764K, reserved 1347584K
  class space    used 37499K, capacity 40929K, committed 41088K, reserved 1048576K
}
Event: 358.517 GC heap before
{Heap before GC invocations=81 (full 7):
 PSYoungGen      total 1864192K, used 1553363K [0x0000000715580000, 0x00000007c0000000, 0x00000007c0000000)
  eden space 932352K, 100% used [0x0000000715580000,0x000000074e400000,0x000000074e400000)
  from space 931840K, 66% used [0x000000074e400000,0x0000000774274f20,0x0000000787200000)
  to   space 931840K, 0% used [0x0000000787200000,0x0000000787200000,0x00000007c0000000)
 ParOldGen       total 5234176K, used 3237044K [0x00000005c0000000, 0x00000006ff780000, 0x0000000715580000)
  object space 5234176K, 61% used [0x00000005c0000000,0x000000068592d010,0x00000006ff780000)
 Metaspace       used 268441K, capacity 281582K, committed 338764K, reserved 1347584K
  class space    used 37509K, capacity 40931K, committed 41088K, reserved 1048576K
Event: 358.950 GC heap after
Heap after GC invocations=81 (full 7):
 PSYoungGen      total 1864192K, used 231548K [0x0000000715580000, 0x00000007c0000000, 0x00000007c0000000)
  eden space 932352K, 0% used [0x0000000715580000,0x0000000715580000,0x000000074e400000)
  from space 931840K, 24% used [0x0000000787200000,0x000000079541f1c0,0x00000007c0000000)
  to   space 931840K, 0% used [0x000000074e400000,0x000000074e400000,0x0000000787200000)
 ParOldGen       total 5234176K, used 3855882K [0x00000005c0000000, 0x00000006ff780000, 0x0000000715580000)
  object space 5234176K, 73% used [0x00000005c0000000,0x00000006ab582b88,0x00000006ff780000)
 Metaspace       used 268441K, capacity 281582K, committed 338764K, reserved 1347584K
  class space    used 37509K, capacity 40931K, committed 41088K, reserved 1048576K
}
Event: 359.809 GC heap before
{Heap before GC invocations=82 (full 7):
 PSYoungGen      total 1864192K, used 983558K [0x0000000715580000, 0x00000007c0000000, 0x00000007c0000000)
  eden space 932352K, 80% used [0x0000000715580000,0x00000007433e28a8,0x000000074e400000)
  from space 931840K, 24% used [0x0000000787200000,0x000000079541f1c0,0x00000007c0000000)
  to   space 931840K, 0% used [0x000000074e400000,0x000000074e400000,0x0000000787200000)
 ParOldGen       total 5234176K, used 3855882K [0x00000005c0000000, 0x00000006ff780000, 0x0000000715580000)
  object space 5234176K, 73% used [0x00000005c0000000,0x00000006ab582b88,0x00000006ff780000)
 Metaspace       used 268506K, capacity 281646K, committed 338764K, reserved 1347584K
  class space    used 37516K, capacity 40931K, committed 41088K, reserved 1048576K
Event: 359.914 GC heap after
Heap after GC invocations=82 (full 7):
 PSYoungGen      total 1864192K, used 255284K [0x0000000715580000, 0x00000007c0000000, 0x00000007c0000000)
  eden space 932352K, 0% used [0x0000000715580000,0x0000000715580000,0x000000074e400000)
  from space 931840K, 27% used [0x000000074e400000,0x000000075dd4d1a0,0x0000000787200000)
  to   space 931840K, 0% used [0x0000000787200000,0x0000000787200000,0x00000007c0000000)
 ParOldGen       total 5234176K, used 3967179K [0x00000005c0000000, 0x00000006ff780000, 0x0000000715580000)
  object space 5234176K, 75% used [0x00000005c0000000,0x00000006b2232d18,0x00000006ff780000)
 Metaspace       used 268506K, capacity 281646K, committed 338764K, reserved 1347584K
  class space    used 37516K, capacity 40931K, committed 41088K, reserved 1048576K
}
Event: 360.011 GC heap before
{Heap before GC invocations=83 (full 7):
 PSYoungGen      total 1864192K, used 1115636K [0x0000000715580000, 0x00000007c0000000, 0x00000007c0000000)
  eden space 932352K, 92% used [0x0000000715580000,0x0000000749db00c8,0x000000074e400000)
  from space 931840K, 27% used [0x000000074e400000,0x000000075dd4d1a0,0x0000000787200000)
  to   space 931840K, 0% used [0x0000000787200000,0x0000000787200000,0x00000007c0000000)
 ParOldGen       total 5234176K, used 3967179K [0x00000005c0000000, 0x00000006ff780000, 0x0000000715580000)
  object space 5234176K, 75% used [0x00000005c0000000,0x00000006b2232d18,0x00000006ff780000)
 Metaspace       used 268506K, capacity 281646K, committed 338764K, reserved 1347584K
  class space    used 37516K, capacity 40931K, committed 41088K, reserved 1048576K
Event: 360.112 GC heap after
Heap after GC invocations=83 (full 7):
 PSYoungGen      total 1864192K, used 121370K [0x0000000715580000, 0x00000007c0000000, 0x00000007c0000000)
  eden space 932352K, 0% used [0x0000000715580000,0x0000000715580000,0x000000074e400000)
  from space 931840K, 13% used [0x0000000787200000,0x000000078e886ac0,0x00000007c0000000)
  to   space 931840K, 0% used [0x000000074e400000,0x000000074e400000,0x0000000787200000)
 ParOldGen       total 5234176K, used 4101035K [0x00000005c0000000, 0x00000006ff780000, 0x0000000715580000)
  object space 5234176K, 78% used [0x00000005c0000000,0x00000006ba4eae18,0x00000006ff780000)
 Metaspace       used 268506K, capacity 281646K, committed 338764K, reserved 1347584K
  class space    used 37516K, capacity 40931K, committed 41088K, reserved 1048576K
}
Event: 361.172 GC heap before
{Heap before GC invocations=84 (full 7):
 PSYoungGen      total 1864192K, used 950565K [0x0000000715580000, 0x00000007c0000000, 0x00000007c0000000)
  eden space 932352K, 88% used [0x0000000715580000,0x0000000747f42c30,0x000000074e400000)
  from space 931840K, 13% used [0x0000000787200000,0x000000078e886ac0,0x00000007c0000000)
  to   space 931840K, 0% used [0x000000074e400000,0x000000074e400000,0x0000000787200000)
 ParOldGen       total 5234176K, used 4101035K [0x00000005c0000000, 0x00000006ff780000, 0x0000000715580000)
  object space 5234176K, 78% used [0x00000005c0000000,0x00000006ba4eae18,0x00000006ff780000)
 Metaspace       used 268525K, capacity 281652K, committed 338764K, reserved 1347584K
  class space    used 37518K, capacity 40932K, committed 41088K, reserved 1048576K
Event: 361.293 GC heap after
Heap after GC invocations=84 (full 7):
 PSYoungGen      total 1864192K, used 195566K [0x0000000715580000, 0x00000007c0000000, 0x00000007c0000000)
  eden space 932352K, 0% used [0x0000000715580000,0x0000000715580000,0x000000074e400000)
  from space 931840K, 20% used [0x000000074e400000,0x000000075a2fbaa0,0x0000000787200000)
  to   space 931840K, 0% used [0x0000000787200000,0x0000000787200000,0x00000007c0000000)
 ParOldGen       total 5234176K, used 4101043K [0x00000005c0000000, 0x00000006ff780000, 0x0000000715580000)
  object space 5234176K, 78% used [0x00000005c0000000,0x00000006ba4ece18,0x00000006ff780000)
 Metaspace       used 268525K, capacity 281652K, committed 338764K, reserved 1347584K
  class space    used 37518K, capacity 40932K, committed 41088K, reserved 1048576K
}
Event: 362.293 GC heap before
{Heap before GC invocations=85 (full 7):
 PSYoungGen      total 1864192K, used 1127918K [0x0000000715580000, 0x00000007c0000000, 0x00000007c0000000)
  eden space 932352K, 100% used [0x0000000715580000,0x000000074e400000,0x000000074e400000)
  from space 931840K, 20% used [0x000000074e400000,0x000000075a2fbaa0,0x0000000787200000)
  to   space 931840K, 0% used [0x0000000787200000,0x0000000787200000,0x00000007c0000000)
 ParOldGen       total 5234176K, used 4101043K [0x00000005c0000000, 0x00000006ff780000, 0x0000000715580000)
  object space 5234176K, 78% used [0x00000005c0000000,0x00000006ba4ece18,0x00000006ff780000)
 Metaspace       used 269032K, capacity 282164K, committed 338764K, reserved 1347584K
  class space    used 37585K, capacity 40996K, committed 41088K, reserved 1048576K
Event: 362.421 GC heap after
Heap after GC invocations=85 (full 7):
 PSYoungGen      total 1864192K, used 407601K [0x0000000715580000, 0x00000007c0000000, 0x00000007c0000000)
  eden space 932352K, 0% used [0x0000000715580000,0x0000000715580000,0x000000074e400000)
  from space 931840K, 43% used [0x0000000787200000,0x00000007a000c720,0x00000007c0000000)
  to   space 931840K, 0% used [0x000000074e400000,0x000000074e400000,0x0000000787200000)
 ParOldGen       total 5234176K, used 4106315K [0x00000005c0000000, 0x00000006ff780000, 0x0000000715580000)
  object space 5234176K, 78% used [0x00000005c0000000,0x00000006baa12e18,0x00000006ff780000)
 Metaspace       used 269032K, capacity 282164K, committed 338764K, reserved 1347584K
  class space    used 37585K, capacity 40996K, committed 41088K, reserved 1048576K
}
Event: 367.678 GC heap before
{Heap before GC invocations=86 (full 7):
 PSYoungGen      total 1864192K, used 1338838K [0x0000000715580000, 0x00000007c0000000, 0x00000007c0000000)
  eden space 932352K, 99% used [0x0000000715580000,0x000000074e2e9450,0x000000074e400000)
  from space 931840K, 43% used [0x0000000787200000,0x00000007a000c720,0x00000007c0000000)
  to   space 931840K, 0% used [0x000000074e400000,0x000000074e400000,0x0000000787200000)
 ParOldGen       total 5234176K, used 4107723K [0x00000005c0000000, 0x00000006ff780000, 0x0000000715580000)
  object space 5234176K, 78% used [0x00000005c0000000,0x00000006bab72e28,0x00000006ff780000)
 Metaspace       used 269293K, capacity 282426K, committed 339148K, reserved 1347584K
  class space    used 37614K, capacity 41045K, committed 41216K, reserved 1048576K
Event: 368.171 GC heap after
Heap after GC invocations=86 (full 7):
 PSYoungGen      total 1864192K, used 17093K [0x0000000715580000, 0x00000007c0000000, 0x00000007c0000000)
  eden space 932352K, 0% used [0x0000000715580000,0x0000000715580000,0x000000074e400000)
  from space 931840K, 1% used [0x000000074e400000,0x000000074f4b16f0,0x0000000787200000)
  to   space 931840K, 0% used [0x0000000787200000,0x0000000787200000,0x00000007c0000000)
 ParOldGen       total 5234176K, used 4369947K [0x00000005c0000000, 0x00000006ff780000, 0x0000000715580000)
  object space 5234176K, 83% used [0x00000005c0000000,0x00000006cab86e38,0x00000006ff780000)
 Metaspace       used 269293K, capacity 282426K, committed 339148K, reserved 1347584K
  class space    used 37614K, capacity 41045K, committed 41216K, reserved 1048576K
}
Event: 487.031 GC heap before
{Heap before GC invocations=87 (full 7):
 PSYoungGen      total 1864192K, used 949445K [0x0000000715580000, 0x00000007c0000000, 0x00000007c0000000)
  eden space 932352K, 100% used [0x0000000715580000,0x000000074e400000,0x000000074e400000)
  from space 931840K, 1% used [0x000000074e400000,0x000000074f4b16f0,0x0000000787200000)
  to   space 931840K, 0% used [0x0000000787200000,0x0000000787200000,0x00000007c0000000)
 ParOldGen       total 5234176K, used 4369953K [0x00000005c0000000, 0x00000006ff780000, 0x0000000715580000)
  object space 5234176K, 83% used [0x00000005c0000000,0x00000006cab884c0,0x00000006ff780000)
 Metaspace       used 281415K, capacity 294992K, committed 340556K, reserved 1347584K
  class space    used 38992K, capacity 42562K, committed 42624K, reserved 1048576K
Event: 487.171 GC heap after
Heap after GC invocations=87 (full 7):
 PSYoungGen      total 1864192K, used 64811K [0x0000000715580000, 0x00000007c0000000, 0x00000007c0000000)
  eden space 932352K, 0% used [0x0000000715580000,0x0000000715580000,0x000000074e400000)
  from space 931840K, 6% used [0x0000000787200000,0x000000078b14ae80,0x00000007c0000000)
  to   space 931840K, 0% used [0x000000074e400000,0x000000074e400000,0x0000000787200000)
 ParOldGen       total 5234176K, used 4376267K [0x00000005c0000000, 0x00000006ff780000, 0x0000000715580000)
  object space 5234176K, 83% used [0x00000005c0000000,0x00000006cb1b2d28,0x00000006ff780000)
 Metaspace       used 281415K, capacity 294992K, committed 340556K, reserved 1347584K
  class space    used 38992K, capacity 42562K, committed 42624K, reserved 1048576K
}
Event: 531.065 GC heap before
{Heap before GC invocations=88 (full 7):
 PSYoungGen      total 1864192K, used 997163K [0x0000000715580000, 0x00000007c0000000, 0x00000007c0000000)
  eden space 932352K, 100% used [0x0000000715580000,0x000000074e400000,0x000000074e400000)
  from space 931840K, 6% used [0x0000000787200000,0x000000078b14ae80,0x00000007c0000000)
  to   space 931840K, 0% used [0x000000074e400000,0x000000074e400000,0x0000000787200000)
 ParOldGen       total 5234176K, used 4376267K [0x00000005c0000000, 0x00000006ff780000, 0x0000000715580000)
  object space 5234176K, 83% used [0x00000005c0000000,0x00000006cb1b2d28,0x00000006ff780000)
 Metaspace       used 295215K, capacity 309496K, committed 343628K, reserved 1347584K
  class space    used 40831K, capacity 44528K, committed 44672K, reserved 1048576K
Event: 531.299 GC heap after
Heap after GC invocations=88 (full 7):
 PSYoungGen      total 1864192K, used 38005K [0x0000000715580000, 0x00000007c0000000, 0x00000007c0000000)
  eden space 932352K, 0% used [0x0000000715580000,0x0000000715580000,0x000000074e400000)
  from space 931840K, 4% used [0x000000074e400000,0x000000075091d7f8,0x0000000787200000)
  to   space 931840K, 0% used [0x0000000787200000,0x0000000787200000,0x00000007c0000000)
 ParOldGen       total 5234176K, used 4427942K [0x00000005c0000000, 0x00000006ff780000, 0x0000000715580000)
  object space 5234176K, 84% used [0x00000005c0000000,0x00000006ce429ad8,0x00000006ff780000)
 Metaspace       used 295215K, capacity 309496K, committed 343628K, reserved 1347584K
  class space    used 40831K, capacity 44528K, committed 44672K, reserved 1048576K
}
Event: 535.086 GC heap before
{Heap before GC invocations=89 (full 7):
 PSYoungGen      total 1864192K, used 970357K [0x0000000715580000, 0x00000007c0000000, 0x00000007c0000000)
  eden space 932352K, 100% used [0x0000000715580000,0x000000074e400000,0x000000074e400000)
  from space 931840K, 4% used [0x000000074e400000,0x000000075091d7f8,0x0000000787200000)
  to   space 931840K, 0% used [0x0000000787200000,0x0000000787200000,0x00000007c0000000)
 ParOldGen       total 5234176K, used 4427942K [0x00000005c0000000, 0x00000006ff780000, 0x0000000715580000)
  object space 5234176K, 84% used [0x00000005c0000000,0x00000006ce429ad8,0x00000006ff780000)
 Metaspace       used 303536K, capacity 317964K, committed 344524K, reserved 1347584K
  class space    used 41639K, capacity 45424K, committed 45568K, reserved 1048576K
Event: 535.253 GC heap after
Heap after GC invocations=89 (full 7):
 PSYoungGen      total 1847808K, used 51957K [0x0000000715580000, 0x00000007bf000000, 0x00000007c0000000)
  eden space 932352K, 0% used [0x0000000715580000,0x0000000715580000,0x000000074e400000)
  from space 915456K, 5% used [0x0000000787200000,0x000000078a4bd640,0x00000007bf000000)
  to   space 923648K, 0% used [0x000000074e400000,0x000000074e400000,0x0000000786a00000)
 ParOldGen       total 5234176K, used 4442013K [0x00000005c0000000, 0x00000006ff780000, 0x0000000715580000)
  object space 5234176K, 84% used [0x00000005c0000000,0x00000006cf1e7428,0x00000006ff780000)
 Metaspace       used 303536K, capacity 317964K, committed 344524K, reserved 1347584K
  class space    used 41639K, capacity 45424K, committed 45568K, reserved 1048576K
}
Event: 537.189 GC heap before
{Heap before GC invocations=90 (full 7):
 PSYoungGen      total 1847808K, used 984309K [0x0000000715580000, 0x00000007bf000000, 0x00000007c0000000)
  eden space 932352K, 100% used [0x0000000715580000,0x000000074e400000,0x000000074e400000)
  from space 915456K, 5% used [0x0000000787200000,0x000000078a4bd640,0x00000007bf000000)
  to   space 923648K, 0% used [0x000000074e400000,0x000000074e400000,0x0000000786a00000)
 ParOldGen       total 5234176K, used 4442013K [0x00000005c0000000, 0x00000006ff780000, 0x0000000715580000)
  object space 5234176K, 84% used [0x00000005c0000000,0x00000006cf1e7428,0x00000006ff780000)
 Metaspace       used 303813K, capacity 318308K, committed 344780K, reserved 1349632K
  class space    used 41677K, capacity 45512K, committed 45568K, reserved 1048576K
Event: 537.336 GC heap after
Heap after GC invocations=90 (full 7):
 PSYoungGen      total 1007616K, used 75169K [0x0000000715580000, 0x00000007bce00000, 0x00000007c0000000)
  eden space 932352K, 0% used [0x0000000715580000,0x0000000715580000,0x000000074e400000)
  from space 75264K, 99% used [0x000000074e400000,0x0000000752d68630,0x0000000752d80000)
  to   space 893952K, 0% used [0x0000000786500000,0x0000000786500000,0x00000007bce00000)
 ParOldGen       total 5234176K, used 4455945K [0x00000005c0000000, 0x00000006ff780000, 0x0000000715580000)
  object space 5234176K, 85% used [0x00000005c0000000,0x00000006cff827b0,0x00000006ff780000)
 Metaspace       used 303813K, capacity 318308K, committed 344780K, reserved 1349632K
  class space    used 41677K, capacity 45512K, committed 45568K, reserved 1048576K
}
Event: 539.108 GC heap before
{Heap before GC invocations=91 (full 7):
 PSYoungGen      total 1007616K, used 1007521K [0x0000000715580000, 0x00000007bce00000, 0x00000007c0000000)
  eden space 932352K, 100% used [0x0000000715580000,0x000000074e400000,0x000000074e400000)
  from space 75264K, 99% used [0x000000074e400000,0x0000000752d68630,0x0000000752d80000)
  to   space 893952K, 0% used [0x0000000786500000,0x0000000786500000,0x00000007bce00000)
 ParOldGen       total 5234176K, used 4455945K [0x00000005c0000000, 0x00000006ff780000, 0x0000000715580000)
  object space 5234176K, 85% used [0x00000005c0000000,0x00000006cff827b0,0x00000006ff780000)
 Metaspace       used 304271K, capacity 318780K, committed 344780K, reserved 1349632K
  class space    used 41691K, capacity 45516K, committed 45568K, reserved 1048576K
Event: 539.409 GC heap after
Heap after GC invocations=91 (full 7):
 PSYoungGen      total 1885184K, used 87008K [0x0000000715580000, 0x00000007bd700000, 0x00000007c0000000)
  eden space 991232K, 0% used [0x0000000715580000,0x0000000715580000,0x0000000751d80000)
  from space 893952K, 9% used [0x0000000786500000,0x000000078b9f8048,0x00000007bce00000)
  to   space 859648K, 0% used [0x0000000751d80000,0x0000000751d80000,0x0000000786500000)
 ParOldGen       total 5234176K, used 4527215K [0x00000005c0000000, 0x00000006ff780000, 0x0000000715580000)
  object space 5234176K, 86% used [0x00000005c0000000,0x00000006d451bcc0,0x00000006ff780000)
 Metaspace       used 304271K, capacity 318780K, committed 344780K, reserved 1349632K
  class space    used 41691K, capacity 45516K, committed 45568K, reserved 1048576K
}
Event: 541.987 GC heap before
{Heap before GC invocations=92 (full 7):
 PSYoungGen      total 1885184K, used 1078240K [0x0000000715580000, 0x00000007bd700000, 0x00000007c0000000)
  eden space 991232K, 100% used [0x0000000715580000,0x0000000751d80000,0x0000000751d80000)
  from space 893952K, 9% used [0x0000000786500000,0x000000078b9f8048,0x00000007bce00000)
  to   space 859648K, 0% used [0x0000000751d80000,0x0000000751d80000,0x0000000786500000)
 ParOldGen       total 5234176K, used 4527215K [0x00000005c0000000, 0x00000006ff780000, 0x0000000715580000)
  object space 5234176K, 86% used [0x00000005c0000000,0x00000006d451bcc0,0x00000006ff780000)
 Metaspace       used 308444K, capacity 323124K, committed 345292K, reserved 1349632K
  class space    used 42085K, capacity 46002K, committed 46080K, reserved 1048576K
Event: 542.264 GC heap after
Heap after GC invocations=92 (full 7):
 PSYoungGen      total 1850880K, used 79299K [0x0000000715580000, 0x00000007b9b80000, 0x00000007c0000000)
  eden space 991232K, 0% used [0x0000000715580000,0x0000000715580000,0x0000000751d80000)
  from space 859648K, 9% used [0x0000000751d80000,0x0000000756af0f48,0x0000000786500000)
  to   space 825344K, 0% used [0x0000000787580000,0x0000000787580000,0x00000007b9b80000)
 ParOldGen       total 5234176K, used 4611954K [0x00000005c0000000, 0x00000006ff780000, 0x0000000715580000)
  object space 5234176K, 88% used [0x00000005c0000000,0x00000006d97dca78,0x00000006ff780000)
 Metaspace       used 308444K, capacity 323124K, committed 345292K, reserved 1349632K
  class space    used 42085K, capacity 46002K, committed 46080K, reserved 1048576K
}
Event: 544.094 GC heap before
{Heap before GC invocations=93 (full 7):
 PSYoungGen      total 1850880K, used 1070531K [0x0000000715580000, 0x00000007b9b80000, 0x00000007c0000000)
  eden space 991232K, 100% used [0x0000000715580000,0x0000000751d80000,0x0000000751d80000)
  from space 859648K, 9% used [0x0000000751d80000,0x0000000756af0f48,0x0000000786500000)
  to   space 825344K, 0% used [0x0000000787580000,0x0000000787580000,0x00000007b9b80000)
 ParOldGen       total 5234176K, used 4611954K [0x00000005c0000000, 0x00000006ff780000, 0x0000000715580000)
  object space 5234176K, 88% used [0x00000005c0000000,0x00000006d97dca78,0x00000006ff780000)
 Metaspace       used 308449K, capacity 323130K, committed 345292K, reserved 1349632K
  class space    used 42086K, capacity 46003K, committed 46080K, reserved 1048576K
Event: 544.312 GC heap after
Heap after GC invocations=93 (full 7):
 PSYoungGen      total 1888768K, used 93776K [0x0000000715580000, 0x00000007b8b80000, 0x00000007c0000000)
  eden space 1079808K, 0% used [0x0000000715580000,0x0000000715580000,0x0000000757400000)
  from space 808960K, 11% used [0x0000000787580000,0x000000078d114010,0x00000007b8b80000)
  to   space 787968K, 0% used [0x0000000757400000,0x0000000757400000,0x0000000787580000)
 ParOldGen       total 5234176K, used 4681284K [0x00000005c0000000, 0x00000006ff780000, 0x0000000715580000)
  object space 5234176K, 89% used [0x00000005c0000000,0x00000006ddb91060,0x00000006ff780000)
 Metaspace       used 308449K, capacity 323130K, committed 345292K, reserved 1349632K
  class space    used 42086K, capacity 46003K, committed 46080K, reserved 1048576K
}
Event: 2711.633 GC heap before
{Heap before GC invocations=94 (full 7):
 PSYoungGen      total 1888768K, used 1173584K [0x0000000715580000, 0x00000007b8b80000, 0x00000007c0000000)
  eden space 1079808K, 100% used [0x0000000715580000,0x0000000757400000,0x0000000757400000)
  from space 808960K, 11% used [0x0000000787580000,0x000000078d114010,0x00000007b8b80000)
  to   space 787968K, 0% used [0x0000000757400000,0x0000000757400000,0x0000000787580000)
 ParOldGen       total 5234176K, used 4681284K [0x00000005c0000000, 0x00000006ff780000, 0x0000000715580000)
  object space 5234176K, 89% used [0x00000005c0000000,0x00000006ddb91060,0x00000006ff780000)
 Metaspace       used 309571K, capacity 324384K, committed 345292K, reserved 1349632K
  class space    used 42112K, capacity 46062K, committed 46080K, reserved 1048576K
Event: 2712.050 GC heap after
Heap after GC invocations=94 (full 7):
 PSYoungGen      total 1867776K, used 35313K [0x0000000715580000, 0x00000007ba680000, 0x00000007c0000000)
  eden space 1079808K, 0% used [0x0000000715580000,0x0000000715580000,0x0000000757400000)
  from space 787968K, 4% used [0x0000000757400000,0x000000075967c6b0,0x0000000787580000)
  to   space 760320K, 0% used [0x000000078c000000,0x000000078c000000,0x00000007ba680000)
 ParOldGen       total 5234176K, used 4772546K [0x00000005c0000000, 0x00000006ff780000, 0x0000000715580000)
  object space 5234176K, 91% used [0x00000005c0000000,0x00000006e34b0a70,0x00000006ff780000)
 Metaspace       used 309571K, capacity 324384K, committed 345292K, reserved 1349632K
  class space    used 42112K, capacity 46062K, committed 46080K, reserved 1048576K
}

